SF:/Users/ken/git_for_collab4/tensor4all-rs/crates/matrixci/src/matrixlu.rs
FN:123,_RNCNvMNtCshHGmKsBkduK_8matrixci8matrixluINtB4_4RrLUdE12pivot_errors0CslD6BJj2Z6b5_15tensor4all_capi
FN:115,_RNCNvMNtCshHGmKsBkduK_8matrixci8matrixluINtB4_4RrLUdE4diag0CslD6BJj2Z6b5_15tensor4all_capi
FN:117,_RNCNvMNtCshHGmKsBkduK_8matrixci8matrixluINtB4_4RrLUdE4diags_0CslD6BJj2Z6b5_15tensor4all_capi
FN:122,_RNvMNtCshHGmKsBkduK_8matrixci8matrixluINtB2_4RrLUdE12pivot_errorsCslD6BJj2Z6b5_15tensor4all_capi
FN:112,_RNvMNtCshHGmKsBkduK_8matrixci8matrixluINtB2_4RrLUdE4diagCslD6BJj2Z6b5_15tensor4all_capi
FN:177,_RINvNtCshHGmKsBkduK_8matrixci8matrixlu12rrlu_inplaceINtCsggbFOsTKhzv_11num_complex7ComplexdEECsbrO2ourfQV3_15tensor4all_core
FN:177,_RINvNtCshHGmKsBkduK_8matrixci8matrixlu12rrlu_inplacedECsbrO2ourfQV3_15tensor4all_core
FN:306,_RINvNtCshHGmKsBkduK_8matrixci8matrixlu4rrluINtCsggbFOsTKhzv_11num_complex7ComplexdEECsbrO2ourfQV3_15tensor4all_core
FN:306,_RINvNtCshHGmKsBkduK_8matrixci8matrixlu4rrludECsbrO2ourfQV3_15tensor4all_core
FN:67,_RNvMNtCshHGmKsBkduK_8matrixci8matrixluINtB2_4RrLUINtCsggbFOsTKhzv_11num_complex7ComplexdEE15col_permutationCsbrO2ourfQV3_15tensor4all_core
FN:62,_RNvMNtCshHGmKsBkduK_8matrixci8matrixluINtB2_4RrLUINtCsggbFOsTKhzv_11num_complex7ComplexdEE15row_permutationCsbrO2ourfQV3_15tensor4all_core
FN:147,_RNvMNtCshHGmKsBkduK_8matrixci8matrixluINtB2_4RrLUINtCsggbFOsTKhzv_11num_complex7ComplexdEE18is_left_orthogonalCsbrO2ourfQV3_15tensor4all_core
FN:34,_RNvMNtCshHGmKsBkduK_8matrixci8matrixluINtB2_4RrLUINtCsggbFOsTKhzv_11num_complex7ComplexdEE3newCsbrO2ourfQV3_15tensor4all_core
FN:82,_RNvMNtCshHGmKsBkduK_8matrixci8matrixluINtB2_4RrLUINtCsggbFOsTKhzv_11num_complex7ComplexdEE4leftCsbrO2ourfQV3_15tensor4all_core
FN:52,_RNvMNtCshHGmKsBkduK_8matrixci8matrixluINtB2_4RrLUINtCsggbFOsTKhzv_11num_complex7ComplexdEE5ncolsCsbrO2ourfQV3_15tensor4all_core
FN:47,_RNvMNtCshHGmKsBkduK_8matrixci8matrixluINtB2_4RrLUINtCsggbFOsTKhzv_11num_complex7ComplexdEE5nrowsCsbrO2ourfQV3_15tensor4all_core
FN:97,_RNvMNtCshHGmKsBkduK_8matrixci8matrixluINtB2_4RrLUINtCsggbFOsTKhzv_11num_complex7ComplexdEE5rightCsbrO2ourfQV3_15tensor4all_core
FN:57,_RNvMNtCshHGmKsBkduK_8matrixci8matrixluINtB2_4RrLUINtCsggbFOsTKhzv_11num_complex7ComplexdEE7npivotsCsbrO2ourfQV3_15tensor4all_core
FN:67,_RNvMNtCshHGmKsBkduK_8matrixci8matrixluINtB2_4RrLUdE15col_permutationCsbrO2ourfQV3_15tensor4all_core
FN:62,_RNvMNtCshHGmKsBkduK_8matrixci8matrixluINtB2_4RrLUdE15row_permutationCsbrO2ourfQV3_15tensor4all_core
FN:147,_RNvMNtCshHGmKsBkduK_8matrixci8matrixluINtB2_4RrLUdE18is_left_orthogonalCsbrO2ourfQV3_15tensor4all_core
FN:34,_RNvMNtCshHGmKsBkduK_8matrixci8matrixluINtB2_4RrLUdE3newCsbrO2ourfQV3_15tensor4all_core
FN:82,_RNvMNtCshHGmKsBkduK_8matrixci8matrixluINtB2_4RrLUdE4leftCsbrO2ourfQV3_15tensor4all_core
FN:52,_RNvMNtCshHGmKsBkduK_8matrixci8matrixluINtB2_4RrLUdE5ncolsCsbrO2ourfQV3_15tensor4all_core
FN:47,_RNvMNtCshHGmKsBkduK_8matrixci8matrixluINtB2_4RrLUdE5nrowsCsbrO2ourfQV3_15tensor4all_core
FN:97,_RNvMNtCshHGmKsBkduK_8matrixci8matrixluINtB2_4RrLUdE5rightCsbrO2ourfQV3_15tensor4all_core
FN:57,_RNvMNtCshHGmKsBkduK_8matrixci8matrixluINtB2_4RrLUdE7npivotsCsbrO2ourfQV3_15tensor4all_core
FN:166,_RNvXs_NtCshHGmKsBkduK_8matrixci8matrixluNtB4_11RrLUOptionsNtNtCskzPJi2J8k3N_4core7default7Default7default
FNDA:1,_RNCNvMNtCshHGmKsBkduK_8matrixci8matrixluINtB4_4RrLUdE12pivot_errors0CslD6BJj2Z6b5_15tensor4all_capi
FNDA:1,_RNCNvMNtCshHGmKsBkduK_8matrixci8matrixluINtB4_4RrLUdE4diag0CslD6BJj2Z6b5_15tensor4all_capi
FNDA:0,_RNCNvMNtCshHGmKsBkduK_8matrixci8matrixluINtB4_4RrLUdE4diags_0CslD6BJj2Z6b5_15tensor4all_capi
FNDA:1,_RNvMNtCshHGmKsBkduK_8matrixci8matrixluINtB2_4RrLUdE12pivot_errorsCslD6BJj2Z6b5_15tensor4all_capi
FNDA:1,_RNvMNtCshHGmKsBkduK_8matrixci8matrixluINtB2_4RrLUdE4diagCslD6BJj2Z6b5_15tensor4all_capi
FNDA:0,_RINvNtCshHGmKsBkduK_8matrixci8matrixlu12rrlu_inplaceINtCsggbFOsTKhzv_11num_complex7ComplexdEECsbrO2ourfQV3_15tensor4all_core
FNDA:3,_RINvNtCshHGmKsBkduK_8matrixci8matrixlu12rrlu_inplacedECsbrO2ourfQV3_15tensor4all_core
FNDA:0,_RINvNtCshHGmKsBkduK_8matrixci8matrixlu4rrluINtCsggbFOsTKhzv_11num_complex7ComplexdEECsbrO2ourfQV3_15tensor4all_core
FNDA:3,_RINvNtCshHGmKsBkduK_8matrixci8matrixlu4rrludECsbrO2ourfQV3_15tensor4all_core
FNDA:0,_RNvMNtCshHGmKsBkduK_8matrixci8matrixluINtB2_4RrLUINtCsggbFOsTKhzv_11num_complex7ComplexdEE15col_permutationCsbrO2ourfQV3_15tensor4all_core
FNDA:0,_RNvMNtCshHGmKsBkduK_8matrixci8matrixluINtB2_4RrLUINtCsggbFOsTKhzv_11num_complex7ComplexdEE15row_permutationCsbrO2ourfQV3_15tensor4all_core
FNDA:0,_RNvMNtCshHGmKsBkduK_8matrixci8matrixluINtB2_4RrLUINtCsggbFOsTKhzv_11num_complex7ComplexdEE18is_left_orthogonalCsbrO2ourfQV3_15tensor4all_core
FNDA:0,_RNvMNtCshHGmKsBkduK_8matrixci8matrixluINtB2_4RrLUINtCsggbFOsTKhzv_11num_complex7ComplexdEE3newCsbrO2ourfQV3_15tensor4all_core
FNDA:0,_RNvMNtCshHGmKsBkduK_8matrixci8matrixluINtB2_4RrLUINtCsggbFOsTKhzv_11num_complex7ComplexdEE4leftCsbrO2ourfQV3_15tensor4all_core
FNDA:0,_RNvMNtCshHGmKsBkduK_8matrixci8matrixluINtB2_4RrLUINtCsggbFOsTKhzv_11num_complex7ComplexdEE5ncolsCsbrO2ourfQV3_15tensor4all_core
FNDA:0,_RNvMNtCshHGmKsBkduK_8matrixci8matrixluINtB2_4RrLUINtCsggbFOsTKhzv_11num_complex7ComplexdEE5nrowsCsbrO2ourfQV3_15tensor4all_core
FNDA:0,_RNvMNtCshHGmKsBkduK_8matrixci8matrixluINtB2_4RrLUINtCsggbFOsTKhzv_11num_complex7ComplexdEE5rightCsbrO2ourfQV3_15tensor4all_core
FNDA:0,_RNvMNtCshHGmKsBkduK_8matrixci8matrixluINtB2_4RrLUINtCsggbFOsTKhzv_11num_complex7ComplexdEE7npivotsCsbrO2ourfQV3_15tensor4all_core
FNDA:1,_RNvMNtCshHGmKsBkduK_8matrixci8matrixluINtB2_4RrLUdE15col_permutationCsbrO2ourfQV3_15tensor4all_core
FNDA:3,_RNvMNtCshHGmKsBkduK_8matrixci8matrixluINtB2_4RrLUdE15row_permutationCsbrO2ourfQV3_15tensor4all_core
FNDA:4,_RNvMNtCshHGmKsBkduK_8matrixci8matrixluINtB2_4RrLUdE18is_left_orthogonalCsbrO2ourfQV3_15tensor4all_core
FNDA:3,_RNvMNtCshHGmKsBkduK_8matrixci8matrixluINtB2_4RrLUdE3newCsbrO2ourfQV3_15tensor4all_core
FNDA:4,_RNvMNtCshHGmKsBkduK_8matrixci8matrixluINtB2_4RrLUdE4leftCsbrO2ourfQV3_15tensor4all_core
FNDA:0,_RNvMNtCshHGmKsBkduK_8matrixci8matrixluINtB2_4RrLUdE5ncolsCsbrO2ourfQV3_15tensor4all_core
FNDA:2,_RNvMNtCshHGmKsBkduK_8matrixci8matrixluINtB2_4RrLUdE5nrowsCsbrO2ourfQV3_15tensor4all_core
FNDA:3,_RNvMNtCshHGmKsBkduK_8matrixci8matrixluINtB2_4RrLUdE5rightCsbrO2ourfQV3_15tensor4all_core
FNDA:9,_RNvMNtCshHGmKsBkduK_8matrixci8matrixluINtB2_4RrLUdE7npivotsCsbrO2ourfQV3_15tensor4all_core
FNDA:0,_RNvXs_NtCshHGmKsBkduK_8matrixci8matrixluNtB4_11RrLUOptionsNtNtCskzPJi2J8k3N_4core7default7Default7default
FNF:17
FNH:14
DA:34,3
DA:35,3
DA:36,3
DA:37,3
DA:38,3
DA:39,3
DA:40,3
DA:41,3
DA:42,3
DA:43,3
DA:44,3
DA:47,2
DA:48,2
DA:49,2
DA:52,0
DA:53,0
DA:54,0
DA:57,9
DA:58,9
DA:59,9
DA:62,3
DA:63,3
DA:64,3
DA:67,1
DA:68,1
DA:69,1
DA:82,4
DA:83,4
DA:84,1
DA:85,2
DA:86,4
DA:87,4
DA:88,4
DA:90,1
DA:92,3
DA:94,4
DA:97,3
DA:98,3
DA:99,3
DA:100,5
DA:101,16
DA:102,16
DA:103,16
DA:105,3
DA:107,0
DA:109,3
DA:112,1
DA:113,1
DA:114,1
DA:115,1
DA:117,0
DA:119,1
DA:122,1
DA:123,1
DA:124,1
DA:125,1
DA:126,1
DA:147,4
DA:148,4
DA:149,4
DA:166,0
DA:167,0
DA:168,0
DA:169,0
DA:170,0
DA:171,0
DA:172,0
DA:173,0
DA:177,3
DA:178,3
DA:179,3
DA:180,3
DA:182,3
DA:183,3
DA:184,3
DA:186,8
DA:187,6
DA:188,6
DA:189,6
DA:191,6
DA:192,0
DA:193,6
DA:196,6
DA:198,6
DA:199,6
DA:202,6
DA:203,1
DA:204,5
DA:206,5
DA:209,5
DA:210,2
DA:211,2
DA:212,3
DA:213,5
DA:214,4
DA:215,4
DA:216,4
DA:218,5
DA:221,5
DA:223,5
DA:224,4
DA:225,4
DA:226,4
DA:229,0
DA:230,0
DA:231,0
DA:232,0
DA:236,5
DA:237,10
DA:238,10
DA:239,10
DA:240,10
DA:241,10
DA:242,10
DA:245,5
DA:249,3
DA:252,3
DA:253,7
DA:254,9
DA:255,9
DA:256,9
DA:260,3
DA:261,5
DA:262,14
DA:263,14
DA:264,14
DA:268,3
DA:269,5
DA:270,5
DA:271,5
DA:273,0
DA:274,0
DA:275,0
DA:279,7
DA:280,11
DA:281,11
DA:282,0
DA:283,11
DA:286,5
DA:287,16
DA:288,16
DA:289,0
DA:290,16
DA:295,3
DA:296,2
DA:297,2
DA:299,3
DA:300,3
DA:302,3
DA:303,3
DA:306,3
DA:307,3
DA:308,3
DA:309,3
BRF:0
BRH:0
LF:157
LH:133
end_of_record
SF:/Users/ken/git_for_collab4/tensor4all-rs/crates/matrixci/src/matrixluci.rs
FN:181,_RNvMNtCshHGmKsBkduK_8matrixci10matrixluciINtB2_10MatrixLUCIdE12pivot_errorsCslD6BJj2Z6b5_15tensor4all_capi
FN:209,_RNvXs_NtCshHGmKsBkduK_8matrixci10matrixluciINtB4_10MatrixLUCIdEINtNtB6_6traits16AbstractMatrixCIdE11col_indicesCslD6BJj2Z6b5_15tensor4all_capi
FN:204,_RNvXs_NtCshHGmKsBkduK_8matrixci10matrixluciINtB4_10MatrixLUCIdEINtNtB6_6traits16AbstractMatrixCIdE11row_indicesCslD6BJj2Z6b5_15tensor4all_capi
FN:35,_RNvMNtCshHGmKsBkduK_8matrixci10matrixluciINtB2_10MatrixLUCIINtCsggbFOsTKhzv_11num_complex7ComplexdEE10col_matrixCsbrO2ourfQV3_15tensor4all_core
FN:48,_RNvMNtCshHGmKsBkduK_8matrixci10matrixluciINtB2_10MatrixLUCIINtCsggbFOsTKhzv_11num_complex7ComplexdEE10row_matrixCsbrO2ourfQV3_15tensor4all_core
FN:18,_RNvMNtCshHGmKsBkduK_8matrixci10matrixluciINtB2_10MatrixLUCIINtCsggbFOsTKhzv_11num_complex7ComplexdEE11from_matrixCsbrO2ourfQV3_15tensor4all_core
FN:61,_RNvMNtCshHGmKsBkduK_8matrixci10matrixluciINtB2_10MatrixLUCIINtCsggbFOsTKhzv_11num_complex7ComplexdEE20cols_times_pivot_invCsbrO2ourfQV3_15tensor4all_core
FN:112,_RNvMNtCshHGmKsBkduK_8matrixci10matrixluciINtB2_10MatrixLUCIINtCsggbFOsTKhzv_11num_complex7ComplexdEE20pivot_inv_times_rowsCsbrO2ourfQV3_15tensor4all_core
FN:163,_RNvMNtCshHGmKsBkduK_8matrixci10matrixluciINtB2_10MatrixLUCIINtCsggbFOsTKhzv_11num_complex7ComplexdEE4leftCsbrO2ourfQV3_15tensor4all_core
FN:172,_RNvMNtCshHGmKsBkduK_8matrixci10matrixluciINtB2_10MatrixLUCIINtCsggbFOsTKhzv_11num_complex7ComplexdEE5rightCsbrO2ourfQV3_15tensor4all_core
FN:35,_RNvMNtCshHGmKsBkduK_8matrixci10matrixluciINtB2_10MatrixLUCIdE10col_matrixCsbrO2ourfQV3_15tensor4all_core
FN:48,_RNvMNtCshHGmKsBkduK_8matrixci10matrixluciINtB2_10MatrixLUCIdE10row_matrixCsbrO2ourfQV3_15tensor4all_core
FN:18,_RNvMNtCshHGmKsBkduK_8matrixci10matrixluciINtB2_10MatrixLUCIdE11from_matrixCsbrO2ourfQV3_15tensor4all_core
FN:61,_RNvMNtCshHGmKsBkduK_8matrixci10matrixluciINtB2_10MatrixLUCIdE20cols_times_pivot_invCsbrO2ourfQV3_15tensor4all_core
FN:112,_RNvMNtCshHGmKsBkduK_8matrixci10matrixluciINtB2_10MatrixLUCIdE20pivot_inv_times_rowsCsbrO2ourfQV3_15tensor4all_core
FN:163,_RNvMNtCshHGmKsBkduK_8matrixci10matrixluciINtB2_10MatrixLUCIdE4leftCsbrO2ourfQV3_15tensor4all_core
FN:172,_RNvMNtCshHGmKsBkduK_8matrixci10matrixluciINtB2_10MatrixLUCIdE5rightCsbrO2ourfQV3_15tensor4all_core
FN:200,_RNvXs_NtCshHGmKsBkduK_8matrixci10matrixluciINtB4_10MatrixLUCIINtCsggbFOsTKhzv_11num_complex7ComplexdEEINtNtB6_6traits16AbstractMatrixCIBX_E4rankCsbrO2ourfQV3_15tensor4all_core
FN:196,_RNvXs_NtCshHGmKsBkduK_8matrixci10matrixluciINtB4_10MatrixLUCIINtCsggbFOsTKhzv_11num_complex7ComplexdEEINtNtB6_6traits16AbstractMatrixCIBX_E5ncolsCsbrO2ourfQV3_15tensor4all_core
FN:192,_RNvXs_NtCshHGmKsBkduK_8matrixci10matrixluciINtB4_10MatrixLUCIINtCsggbFOsTKhzv_11num_complex7ComplexdEEINtNtB6_6traits16AbstractMatrixCIBX_E5nrowsCsbrO2ourfQV3_15tensor4all_core
FN:200,_RNvXs_NtCshHGmKsBkduK_8matrixci10matrixluciINtB4_10MatrixLUCIdEINtNtB6_6traits16AbstractMatrixCIdE4rankCsbrO2ourfQV3_15tensor4all_core
FN:196,_RNvXs_NtCshHGmKsBkduK_8matrixci10matrixluciINtB4_10MatrixLUCIdEINtNtB6_6traits16AbstractMatrixCIdE5ncolsCsbrO2ourfQV3_15tensor4all_core
FN:192,_RNvXs_NtCshHGmKsBkduK_8matrixci10matrixluciINtB4_10MatrixLUCIdEINtNtB6_6traits16AbstractMatrixCIdE5nrowsCsbrO2ourfQV3_15tensor4all_core
FNDA:1,_RNvMNtCshHGmKsBkduK_8matrixci10matrixluciINtB2_10MatrixLUCIdE12pivot_errorsCslD6BJj2Z6b5_15tensor4all_capi
FNDA:1,_RNvXs_NtCshHGmKsBkduK_8matrixci10matrixluciINtB4_10MatrixLUCIdEINtNtB6_6traits16AbstractMatrixCIdE11col_indicesCslD6BJj2Z6b5_15tensor4all_capi
FNDA:1,_RNvXs_NtCshHGmKsBkduK_8matrixci10matrixluciINtB4_10MatrixLUCIdEINtNtB6_6traits16AbstractMatrixCIdE11row_indicesCslD6BJj2Z6b5_15tensor4all_capi
FNDA:0,_RNvMNtCshHGmKsBkduK_8matrixci10matrixluciINtB2_10MatrixLUCIINtCsggbFOsTKhzv_11num_complex7ComplexdEE10col_matrixCsbrO2ourfQV3_15tensor4all_core
FNDA:0,_RNvMNtCshHGmKsBkduK_8matrixci10matrixluciINtB2_10MatrixLUCIINtCsggbFOsTKhzv_11num_complex7ComplexdEE10row_matrixCsbrO2ourfQV3_15tensor4all_core
FNDA:0,_RNvMNtCshHGmKsBkduK_8matrixci10matrixluciINtB2_10MatrixLUCIINtCsggbFOsTKhzv_11num_complex7ComplexdEE11from_matrixCsbrO2ourfQV3_15tensor4all_core
FNDA:0,_RNvMNtCshHGmKsBkduK_8matrixci10matrixluciINtB2_10MatrixLUCIINtCsggbFOsTKhzv_11num_complex7ComplexdEE20cols_times_pivot_invCsbrO2ourfQV3_15tensor4all_core
FNDA:0,_RNvMNtCshHGmKsBkduK_8matrixci10matrixluciINtB2_10MatrixLUCIINtCsggbFOsTKhzv_11num_complex7ComplexdEE20pivot_inv_times_rowsCsbrO2ourfQV3_15tensor4all_core
FNDA:0,_RNvMNtCshHGmKsBkduK_8matrixci10matrixluciINtB2_10MatrixLUCIINtCsggbFOsTKhzv_11num_complex7ComplexdEE4leftCsbrO2ourfQV3_15tensor4all_core
FNDA:0,_RNvMNtCshHGmKsBkduK_8matrixci10matrixluciINtB2_10MatrixLUCIINtCsggbFOsTKhzv_11num_complex7ComplexdEE5rightCsbrO2ourfQV3_15tensor4all_core
FNDA:0,_RNvMNtCshHGmKsBkduK_8matrixci10matrixluciINtB2_10MatrixLUCIdE10col_matrixCsbrO2ourfQV3_15tensor4all_core
FNDA:2,_RNvMNtCshHGmKsBkduK_8matrixci10matrixluciINtB2_10MatrixLUCIdE10row_matrixCsbrO2ourfQV3_15tensor4all_core
FNDA:2,_RNvMNtCshHGmKsBkduK_8matrixci10matrixluciINtB2_10MatrixLUCIdE11from_matrixCsbrO2ourfQV3_15tensor4all_core
FNDA:2,_RNvMNtCshHGmKsBkduK_8matrixci10matrixluciINtB2_10MatrixLUCIdE20cols_times_pivot_invCsbrO2ourfQV3_15tensor4all_core
FNDA:0,_RNvMNtCshHGmKsBkduK_8matrixci10matrixluciINtB2_10MatrixLUCIdE20pivot_inv_times_rowsCsbrO2ourfQV3_15tensor4all_core
FNDA:2,_RNvMNtCshHGmKsBkduK_8matrixci10matrixluciINtB2_10MatrixLUCIdE4leftCsbrO2ourfQV3_15tensor4all_core
FNDA:2,_RNvMNtCshHGmKsBkduK_8matrixci10matrixluciINtB2_10MatrixLUCIdE5rightCsbrO2ourfQV3_15tensor4all_core
FNDA:0,_RNvXs_NtCshHGmKsBkduK_8matrixci10matrixluciINtB4_10MatrixLUCIINtCsggbFOsTKhzv_11num_complex7ComplexdEEINtNtB6_6traits16AbstractMatrixCIBX_E4rankCsbrO2ourfQV3_15tensor4all_core
FNDA:0,_RNvXs_NtCshHGmKsBkduK_8matrixci10matrixluciINtB4_10MatrixLUCIINtCsggbFOsTKhzv_11num_complex7ComplexdEEINtNtB6_6traits16AbstractMatrixCIBX_E5ncolsCsbrO2ourfQV3_15tensor4all_core
FNDA:0,_RNvXs_NtCshHGmKsBkduK_8matrixci10matrixluciINtB4_10MatrixLUCIINtCsggbFOsTKhzv_11num_complex7ComplexdEEINtNtB6_6traits16AbstractMatrixCIBX_E5nrowsCsbrO2ourfQV3_15tensor4all_core
FNDA:4,_RNvXs_NtCshHGmKsBkduK_8matrixci10matrixluciINtB4_10MatrixLUCIdEINtNtB6_6traits16AbstractMatrixCIdE4rankCsbrO2ourfQV3_15tensor4all_core
FNDA:0,_RNvXs_NtCshHGmKsBkduK_8matrixci10matrixluciINtB4_10MatrixLUCIdEINtNtB6_6traits16AbstractMatrixCIdE5ncolsCsbrO2ourfQV3_15tensor4all_core
FNDA:2,_RNvXs_NtCshHGmKsBkduK_8matrixci10matrixluciINtB4_10MatrixLUCIdEINtNtB6_6traits16AbstractMatrixCIdE5nrowsCsbrO2ourfQV3_15tensor4all_core
FNF:13
FNH:10
DA:18,2
DA:19,2
DA:20,2
DA:21,2
DA:22,2
DA:35,0
DA:36,0
DA:37,0
DA:38,0
DA:39,0
DA:40,0
DA:41,0
DA:42,0
DA:44,0
DA:45,0
DA:48,2
DA:49,2
DA:50,2
DA:51,2
DA:52,2
DA:53,2
DA:54,2
DA:56,2
DA:57,2
DA:58,2
DA:61,2
DA:62,2
DA:63,2
DA:65,2
DA:68,3
DA:69,3
DA:70,3
DA:72,2
DA:73,1
DA:74,1
DA:75,1
DA:76,1
DA:77,1
DA:79,1
DA:80,1
DA:81,1
DA:82,1
DA:87,2
DA:88,2
DA:89,2
DA:90,2
DA:91,0
DA:92,0
DA:93,2
DA:94,2
DA:97,1
DA:100,2
DA:101,2
DA:102,5
DA:103,7
DA:104,7
DA:105,7
DA:108,2
DA:109,2
DA:112,0
DA:113,0
DA:114,0
DA:116,0
DA:119,0
DA:120,0
DA:121,0
DA:123,0
DA:124,0
DA:125,0
DA:126,0
DA:127,0
DA:128,0
DA:130,0
DA:131,0
DA:132,0
DA:133,0
DA:138,0
DA:139,0
DA:140,0
DA:141,0
DA:142,0
DA:143,0
DA:144,0
DA:145,0
DA:148,0
DA:151,0
DA:152,0
DA:153,0
DA:154,0
DA:155,0
DA:156,0
DA:159,0
DA:160,0
DA:163,2
DA:164,2
DA:165,2
DA:167,0
DA:169,2
DA:172,2
DA:173,2
DA:174,2
DA:176,0
DA:178,2
DA:181,1
DA:182,1
DA:183,1
DA:192,2
DA:193,2
DA:194,2
DA:196,0
DA:197,0
DA:198,0
DA:200,4
DA:201,4
DA:202,4
DA:204,1
DA:206,1
DA:207,1
DA:209,1
DA:211,1
DA:212,1
BRF:0
BRH:0
LF:121
LH:70
end_of_record
SF:/Users/ken/git_for_collab4/tensor4all-rs/crates/matrixci/src/util.rs
FN:33,_RNvMNtCshHGmKsBkduK_8matrixci4utilINtB2_6MatrixdE5ncolsCslD6BJj2Z6b5_15tensor4all_capi
FN:28,_RNvMNtCshHGmKsBkduK_8matrixci4utilINtB2_6MatrixdE5nrowsCslD6BJj2Z6b5_15tensor4all_capi
FN:374,_RINvNtCshHGmKsBkduK_8matrixci4util16submatrix_argmaxINtCsggbFOsTKhzv_11num_complex7ComplexdEECsbrO2ourfQV3_15tensor4all_core
FN:374,_RINvNtCshHGmKsBkduK_8matrixci4util16submatrix_argmaxdECsbrO2ourfQV3_15tensor4all_core
FN:96,_RINvNtCshHGmKsBkduK_8matrixci4util5ncolsINtCsggbFOsTKhzv_11num_complex7ComplexdEECsbrO2ourfQV3_15tensor4all_core
FN:96,_RINvNtCshHGmKsBkduK_8matrixci4util5ncolsdECsbrO2ourfQV3_15tensor4all_core
FN:91,_RINvNtCshHGmKsBkduK_8matrixci4util5nrowsINtCsggbFOsTKhzv_11num_complex7ComplexdEECsbrO2ourfQV3_15tensor4all_core
FN:91,_RINvNtCshHGmKsBkduK_8matrixci4util5nrowsdECsbrO2ourfQV3_15tensor4all_core
FN:64,_RINvNtCshHGmKsBkduK_8matrixci4util5zerosINtCsggbFOsTKhzv_11num_complex7ComplexdEECsbrO2ourfQV3_15tensor4all_core
FN:64,_RINvNtCshHGmKsBkduK_8matrixci4util5zerosdECsbrO2ourfQV3_15tensor4all_core
FN:431,_RINvNtCshHGmKsBkduK_8matrixci4util7mat_mulINtCsggbFOsTKhzv_11num_complex7ComplexdEECsbrO2ourfQV3_15tensor4all_core
FN:431,_RINvNtCshHGmKsBkduK_8matrixci4util7mat_muldECsbrO2ourfQV3_15tensor4all_core
FN:111,_RINvNtCshHGmKsBkduK_8matrixci4util9submatrixINtCsggbFOsTKhzv_11num_complex7ComplexdEECsbrO2ourfQV3_15tensor4all_core
FN:111,_RINvNtCshHGmKsBkduK_8matrixci4util9submatrixdECsbrO2ourfQV3_15tensor4all_core
FN:170,_RINvNtCshHGmKsBkduK_8matrixci4util9swap_colsINtCsggbFOsTKhzv_11num_complex7ComplexdEECsbrO2ourfQV3_15tensor4all_core
FN:170,_RINvNtCshHGmKsBkduK_8matrixci4util9swap_colsdECsbrO2ourfQV3_15tensor4all_core
FN:156,_RINvNtCshHGmKsBkduK_8matrixci4util9swap_rowsINtCsggbFOsTKhzv_11num_complex7ComplexdEECsbrO2ourfQV3_15tensor4all_core
FN:156,_RINvNtCshHGmKsBkduK_8matrixci4util9swap_rowsdECsbrO2ourfQV3_15tensor4all_core
FN:40,_RNvMs_NtCshHGmKsBkduK_8matrixci4utilINtB4_6MatrixINtCsggbFOsTKhzv_11num_complex7ComplexdEE5zerosCsbrO2ourfQV3_15tensor4all_core
FN:40,_RNvMs_NtCshHGmKsBkduK_8matrixci4utilINtB4_6MatrixdE5zerosCsbrO2ourfQV3_15tensor4all_core
FN:52,_RNvXs0_NtCshHGmKsBkduK_8matrixci4utilINtB5_6MatrixINtCsggbFOsTKhzv_11num_complex7ComplexdEEINtNtNtCskzPJi2J8k3N_4core3ops5index5IndexAjj2_E5indexCsbrO2ourfQV3_15tensor4all_core
FN:52,_RNvXs0_NtCshHGmKsBkduK_8matrixci4utilINtB5_6MatrixdEINtNtNtCskzPJi2J8k3N_4core3ops5index5IndexAjj2_E5indexCsbrO2ourfQV3_15tensor4all_core
FN:58,_RNvXs1_NtCshHGmKsBkduK_8matrixci4utilINtB5_6MatrixINtCsggbFOsTKhzv_11num_complex7ComplexdEEINtNtNtCskzPJi2J8k3N_4core3ops5index8IndexMutAjj2_E9index_mutCsbrO2ourfQV3_15tensor4all_core
FN:58,_RNvXs1_NtCshHGmKsBkduK_8matrixci4utilINtB5_6MatrixdEINtNtNtCskzPJi2J8k3N_4core3ops5index8IndexMutAjj2_E9index_mutCsbrO2ourfQV3_15tensor4all_core
FN:414,_RNvNtCshHGmKsBkduK_8matrixci4util8set_diff
FN:225,_RNvXs2_NtCshHGmKsBkduK_8matrixci4utildNtB5_6Scalar3abs
FN:229,_RNvXs2_NtCshHGmKsBkduK_8matrixci4utildNtB5_6Scalar6abs_sq
FN:233,_RNvXs2_NtCshHGmKsBkduK_8matrixci4utildNtB5_6Scalar6is_nan
FN:239,_RNvXs3_NtCshHGmKsBkduK_8matrixci4utilfNtB5_6Scalar3abs
FN:243,_RNvXs3_NtCshHGmKsBkduK_8matrixci4utilfNtB5_6Scalar6abs_sq
FN:247,_RNvXs3_NtCshHGmKsBkduK_8matrixci4utilfNtB5_6Scalar6is_nan
FN:253,_RNvXs4_NtCshHGmKsBkduK_8matrixci4utilINtCsggbFOsTKhzv_11num_complex7ComplexdENtB5_6Scalar3abs
FN:257,_RNvXs4_NtCshHGmKsBkduK_8matrixci4utilINtCsggbFOsTKhzv_11num_complex7ComplexdENtB5_6Scalar6abs_sq
FN:261,_RNvXs4_NtCshHGmKsBkduK_8matrixci4utilINtCsggbFOsTKhzv_11num_complex7ComplexdENtB5_6Scalar6is_nan
FN:267,_RNvXs5_NtCshHGmKsBkduK_8matrixci4utilINtCsggbFOsTKhzv_11num_complex7ComplexfENtB5_6Scalar3abs
FN:271,_RNvXs5_NtCshHGmKsBkduK_8matrixci4utilINtCsggbFOsTKhzv_11num_complex7ComplexfENtB5_6Scalar6abs_sq
FN:275,_RNvXs5_NtCshHGmKsBkduK_8matrixci4utilINtCsggbFOsTKhzv_11num_complex7ComplexfENtB5_6Scalar6is_nan
FN:418,_RNCNvNtCshHGmKsBkduK_8matrixci4util8set_diff0B5_
FNDA:7,_RNvMNtCshHGmKsBkduK_8matrixci4utilINtB2_6MatrixdE5ncolsCslD6BJj2Z6b5_15tensor4all_capi
FNDA:7,_RNvMNtCshHGmKsBkduK_8matrixci4utilINtB2_6MatrixdE5nrowsCslD6BJj2Z6b5_15tensor4all_capi
FNDA:0,_RINvNtCshHGmKsBkduK_8matrixci4util16submatrix_argmaxINtCsggbFOsTKhzv_11num_complex7ComplexdEECsbrO2ourfQV3_15tensor4all_core
FNDA:6,_RINvNtCshHGmKsBkduK_8matrixci4util16submatrix_argmaxdECsbrO2ourfQV3_15tensor4all_core
FNDA:0,_RINvNtCshHGmKsBkduK_8matrixci4util5ncolsINtCsggbFOsTKhzv_11num_complex7ComplexdEECsbrO2ourfQV3_15tensor4all_core
FNDA:29,_RINvNtCshHGmKsBkduK_8matrixci4util5ncolsdECsbrO2ourfQV3_15tensor4all_core
FNDA:0,_RINvNtCshHGmKsBkduK_8matrixci4util5nrowsINtCsggbFOsTKhzv_11num_complex7ComplexdEECsbrO2ourfQV3_15tensor4all_core
FNDA:27,_RINvNtCshHGmKsBkduK_8matrixci4util5nrowsdECsbrO2ourfQV3_15tensor4all_core
FNDA:0,_RINvNtCshHGmKsBkduK_8matrixci4util5zerosINtCsggbFOsTKhzv_11num_complex7ComplexdEECsbrO2ourfQV3_15tensor4all_core
FNDA:29,_RINvNtCshHGmKsBkduK_8matrixci4util5zerosdECsbrO2ourfQV3_15tensor4all_core
FNDA:0,_RINvNtCshHGmKsBkduK_8matrixci4util7mat_mulINtCsggbFOsTKhzv_11num_complex7ComplexdEECsbrO2ourfQV3_15tensor4all_core
FNDA:2,_RINvNtCshHGmKsBkduK_8matrixci4util7mat_muldECsbrO2ourfQV3_15tensor4all_core
FNDA:0,_RINvNtCshHGmKsBkduK_8matrixci4util9submatrixINtCsggbFOsTKhzv_11num_complex7ComplexdEECsbrO2ourfQV3_15tensor4all_core
FNDA:4,_RINvNtCshHGmKsBkduK_8matrixci4util9submatrixdECsbrO2ourfQV3_15tensor4all_core
FNDA:0,_RINvNtCshHGmKsBkduK_8matrixci4util9swap_colsINtCsggbFOsTKhzv_11num_complex7ComplexdEECsbrO2ourfQV3_15tensor4all_core
FNDA:4,_RINvNtCshHGmKsBkduK_8matrixci4util9swap_colsdECsbrO2ourfQV3_15tensor4all_core
FNDA:0,_RINvNtCshHGmKsBkduK_8matrixci4util9swap_rowsINtCsggbFOsTKhzv_11num_complex7ComplexdEECsbrO2ourfQV3_15tensor4all_core
FNDA:2,_RINvNtCshHGmKsBkduK_8matrixci4util9swap_rowsdECsbrO2ourfQV3_15tensor4all_core
FNDA:0,_RNvMs_NtCshHGmKsBkduK_8matrixci4utilINtB4_6MatrixINtCsggbFOsTKhzv_11num_complex7ComplexdEE5zerosCsbrO2ourfQV3_15tensor4all_core
FNDA:29,_RNvMs_NtCshHGmKsBkduK_8matrixci4utilINtB4_6MatrixdE5zerosCsbrO2ourfQV3_15tensor4all_core
FNDA:0,_RNvXs0_NtCshHGmKsBkduK_8matrixci4utilINtB5_6MatrixINtCsggbFOsTKhzv_11num_complex7ComplexdEEINtNtNtCskzPJi2J8k3N_4core3ops5index5IndexAjj2_E5indexCsbrO2ourfQV3_15tensor4all_core
FNDA:262,_RNvXs0_NtCshHGmKsBkduK_8matrixci4utilINtB5_6MatrixdEINtNtNtCskzPJi2J8k3N_4core3ops5index5IndexAjj2_E5indexCsbrO2ourfQV3_15tensor4all_core
FNDA:0,_RNvXs1_NtCshHGmKsBkduK_8matrixci4utilINtB5_6MatrixINtCsggbFOsTKhzv_11num_complex7ComplexdEEINtNtNtCskzPJi2J8k3N_4core3ops5index8IndexMutAjj2_E9index_mutCsbrO2ourfQV3_15tensor4all_core
FNDA:144,_RNvXs1_NtCshHGmKsBkduK_8matrixci4utilINtB5_6MatrixdEINtNtNtCskzPJi2J8k3N_4core3ops5index8IndexMutAjj2_E9index_mutCsbrO2ourfQV3_15tensor4all_core
FNDA:0,_RNvNtCshHGmKsBkduK_8matrixci4util8set_diff
FNDA:0,_RNvXs2_NtCshHGmKsBkduK_8matrixci4utildNtB5_6Scalar3abs
FNDA:60,_RNvXs2_NtCshHGmKsBkduK_8matrixci4utildNtB5_6Scalar6abs_sq
FNDA:27,_RNvXs2_NtCshHGmKsBkduK_8matrixci4utildNtB5_6Scalar6is_nan
FNDA:0,_RNvXs3_NtCshHGmKsBkduK_8matrixci4utilfNtB5_6Scalar3abs
FNDA:0,_RNvXs3_NtCshHGmKsBkduK_8matrixci4utilfNtB5_6Scalar6abs_sq
FNDA:0,_RNvXs3_NtCshHGmKsBkduK_8matrixci4utilfNtB5_6Scalar6is_nan
FNDA:0,_RNvXs4_NtCshHGmKsBkduK_8matrixci4utilINtCsggbFOsTKhzv_11num_complex7ComplexdENtB5_6Scalar3abs
FNDA:0,_RNvXs4_NtCshHGmKsBkduK_8matrixci4utilINtCsggbFOsTKhzv_11num_complex7ComplexdENtB5_6Scalar6abs_sq
FNDA:0,_RNvXs4_NtCshHGmKsBkduK_8matrixci4utilINtCsggbFOsTKhzv_11num_complex7ComplexdENtB5_6Scalar6is_nan
FNDA:0,_RNvXs5_NtCshHGmKsBkduK_8matrixci4utilINtCsggbFOsTKhzv_11num_complex7ComplexfENtB5_6Scalar3abs
FNDA:0,_RNvXs5_NtCshHGmKsBkduK_8matrixci4utilINtCsggbFOsTKhzv_11num_complex7ComplexfENtB5_6Scalar6abs_sq
FNDA:0,_RNvXs5_NtCshHGmKsBkduK_8matrixci4utilINtCsggbFOsTKhzv_11num_complex7ComplexfENtB5_6Scalar6is_nan
FNDA:0,_RNCNvNtCshHGmKsBkduK_8matrixci4util8set_diff0B5_
FNF:27
FNH:15
DA:28,7
DA:29,7
DA:30,7
DA:33,7
DA:34,7
DA:35,7
DA:40,29
DA:41,29
DA:42,29
DA:43,29
DA:44,29
DA:45,29
DA:46,29
DA:52,262
DA:53,262
DA:54,262
DA:58,144
DA:59,144
DA:60,144
DA:64,29
DA:65,29
DA:66,29
DA:91,27
DA:92,27
DA:93,27
DA:96,29
DA:97,29
DA:98,29
DA:111,4
DA:112,4
DA:113,6
DA:114,8
DA:115,8
DA:116,8
DA:118,4
DA:119,4
DA:156,2
DA:157,2
DA:158,0
DA:159,2
DA:160,2
DA:161,6
DA:162,6
DA:163,6
DA:164,6
DA:165,6
DA:166,2
DA:167,2
DA:170,4
DA:171,4
DA:172,0
DA:173,4
DA:174,4
DA:175,8
DA:176,8
DA:177,8
DA:178,8
DA:179,8
DA:180,4
DA:181,4
DA:225,0
DA:226,0
DA:227,0
DA:229,60
DA:230,60
DA:231,60
DA:233,27
DA:234,27
DA:235,27
DA:239,0
DA:240,0
DA:241,0
DA:243,0
DA:244,0
DA:245,0
DA:247,0
DA:248,0
DA:249,0
DA:253,0
DA:254,0
DA:255,0
DA:257,0
DA:258,0
DA:259,0
DA:261,0
DA:262,0
DA:263,0
DA:267,0
DA:268,0
DA:269,0
DA:271,0
DA:272,0
DA:273,0
DA:275,0
DA:276,0
DA:277,0
DA:374,6
DA:375,6
DA:376,6
DA:377,6
DA:378,6
DA:379,6
DA:380,6
DA:382,6
DA:383,6
DA:384,6
DA:386,17
DA:387,45
DA:388,34
DA:389,34
DA:390,10
DA:391,10
DA:392,10
DA:393,24
DA:397,6
DA:398,6
DA:414,0
DA:415,0
DA:416,0
DA:417,0
DA:418,0
DA:419,0
DA:420,0
DA:431,2
DA:432,2
DA:433,2
DA:434,2
DA:435,2
DA:437,2
DA:438,3
DA:439,10
DA:440,10
DA:441,16
DA:442,16
DA:443,16
DA:444,10
DA:447,2
DA:448,2
BRF:0
BRH:0
LF:139
LH:99
end_of_record
SF:/Users/ken/git_for_collab4/tensor4all-rs/crates/tensor4all-capi/src/algorithm.rs
FN:189,t4a_compression_algorithm_default
FN:147,t4a_compression_algorithm_from_i32
FN:287,t4a_compression_algorithm_from_name
FN:177,t4a_compression_algorithm_name
FN:128,t4a_contraction_algorithm_default
FN:88,t4a_contraction_algorithm_from_i32
FN:248,t4a_contraction_algorithm_from_name
FN:117,t4a_contraction_algorithm_name
FN:69,t4a_factorize_algorithm_default
FN:27,t4a_factorize_algorithm_from_i32
FN:208,t4a_factorize_algorithm_from_name
FN:57,t4a_factorize_algorithm_name
FNDA:0,t4a_compression_algorithm_default
FNDA:0,t4a_compression_algorithm_from_i32
FNDA:0,t4a_compression_algorithm_from_name
FNDA:0,t4a_compression_algorithm_name
FNDA:0,t4a_contraction_algorithm_default
FNDA:0,t4a_contraction_algorithm_from_i32
FNDA:0,t4a_contraction_algorithm_from_name
FNDA:0,t4a_contraction_algorithm_name
FNDA:0,t4a_factorize_algorithm_default
FNDA:0,t4a_factorize_algorithm_from_i32
FNDA:0,t4a_factorize_algorithm_from_name
FNDA:0,t4a_factorize_algorithm_name
FNF:12
FNH:0
DA:27,0
DA:28,0
DA:29,0
DA:30,0
DA:31,0
DA:32,0
DA:33,0
DA:35,0
DA:36,0
DA:37,0
DA:38,0
DA:39,0
DA:40,0
DA:43,0
DA:44,0
DA:45,0
DA:46,0
DA:47,0
DA:57,0
DA:58,0
DA:59,0
DA:60,0
DA:61,0
DA:62,0
DA:64,0
DA:65,0
DA:69,0
DA:70,0
DA:71,0
DA:88,0
DA:89,0
DA:90,0
DA:91,0
DA:92,0
DA:93,0
DA:94,0
DA:96,0
DA:97,0
DA:98,0
DA:99,0
DA:100,0
DA:103,0
DA:104,0
DA:105,0
DA:106,0
DA:107,0
DA:117,0
DA:118,0
DA:119,0
DA:120,0
DA:121,0
DA:123,0
DA:124,0
DA:128,0
DA:129,0
DA:130,0
DA:147,0
DA:148,0
DA:149,0
DA:150,0
DA:151,0
DA:152,0
DA:153,0
DA:155,0
DA:156,0
DA:157,0
DA:158,0
DA:159,0
DA:160,0
DA:163,0
DA:164,0
DA:165,0
DA:166,0
DA:167,0
DA:177,0
DA:178,0
DA:179,0
DA:180,0
DA:181,0
DA:182,0
DA:184,0
DA:185,0
DA:189,0
DA:190,0
DA:191,0
DA:208,0
DA:209,0
DA:210,0
DA:211,0
DA:212,0
DA:213,0
DA:214,0
DA:216,0
DA:217,0
DA:218,0
DA:219,0
DA:223,0
DA:224,0
DA:225,0
DA:226,0
DA:227,0
DA:228,0
DA:231,0
DA:232,0
DA:233,0
DA:234,0
DA:235,0
DA:248,0
DA:249,0
DA:250,0
DA:251,0
DA:252,0
DA:253,0
DA:254,0
DA:256,0
DA:257,0
DA:258,0
DA:259,0
DA:263,0
DA:264,0
DA:265,0
DA:266,0
DA:267,0
DA:270,0
DA:271,0
DA:272,0
DA:273,0
DA:274,0
DA:287,0
DA:288,0
DA:289,0
DA:290,0
DA:291,0
DA:292,0
DA:293,0
DA:295,0
DA:296,0
DA:297,0
DA:298,0
DA:302,0
DA:303,0
DA:304,0
DA:305,0
DA:306,0
DA:307,0
DA:310,0
DA:311,0
DA:312,0
DA:313,0
DA:314,0
BRF:0
BRH:0
LF:150
LH:0
end_of_record
SF:/Users/ken/git_for_collab4/tensor4all-rs/crates/tensor4all-capi/src/index.rs
FN:248,t4a_index_add_tag
FN:138,t4a_index_dim
FN:196,t4a_index_get_tags
FN:328,t4a_index_has_tag
FN:162,t4a_index_id_u128
FN:29,t4a_index_new
FN:89,t4a_index_new_with_id
FN:51,t4a_index_new_with_tags
FN:285,t4a_index_set_tags_csv
FN:211,_RNCNCNvNtCslD6BJj2Z6b5_15tensor4all_capi5index18t4a_index_get_tags00B7_
FN:144,_RNCNvNtCslD6BJj2Z6b5_15tensor4all_capi5index13t4a_index_dim0B5_
FN:34,_RNCNvNtCslD6BJj2Z6b5_15tensor4all_capi5index13t4a_index_new0B5_
FN:256,_RNCNvNtCslD6BJj2Z6b5_15tensor4all_capi5index17t4a_index_add_tag0B5_
FN:334,_RNCNvNtCslD6BJj2Z6b5_15tensor4all_capi5index17t4a_index_has_tag0B5_
FN:172,_RNCNvNtCslD6BJj2Z6b5_15tensor4all_capi5index17t4a_index_id_u1280B5_
FN:207,_RNCNvNtCslD6BJj2Z6b5_15tensor4all_capi5index18t4a_index_get_tags0B5_
FN:99,_RNCNvNtCslD6BJj2Z6b5_15tensor4all_capi5index21t4a_index_new_with_id0B5_
FN:296,_RNCNvNtCslD6BJj2Z6b5_15tensor4all_capi5index22t4a_index_set_tags_csv0B5_
FN:56,_RNCNvNtCslD6BJj2Z6b5_15tensor4all_capi5index23t4a_index_new_with_tags0B5_
FN:424,_RNvNtNtCslD6BJj2Z6b5_15tensor4all_capi5index5testss_13test_index_id
FN:362,_RNvNtNtCslD6BJj2Z6b5_15tensor4all_capi5index5testss_14test_index_new
FN:440,_RNvNtNtCslD6BJj2Z6b5_15tensor4all_capi5index5testss_16test_index_clone
FN:400,_RNvNtNtCslD6BJj2Z6b5_15tensor4all_capi5index5testss_19test_index_get_tags
FN:381,_RNvNtNtCslD6BJj2Z6b5_15tensor4all_capi5index5testss_20test_index_with_tags
FN:467,_RNvNtNtCslD6BJj2Z6b5_15tensor4all_capi5index5testss_22test_index_new_with_id
FN:375,_RNvNtNtCslD6BJj2Z6b5_15tensor4all_capi5index5testss_23test_index_new_zero_dim
FNDA:0,t4a_index_add_tag
FNDA:6,t4a_index_dim
FNDA:2,t4a_index_get_tags
FNDA:3,t4a_index_has_tag
FNDA:4,t4a_index_id_u128
FNDA:14,t4a_index_new
FNDA:1,t4a_index_new_with_id
FNDA:2,t4a_index_new_with_tags
FNDA:0,t4a_index_set_tags_csv
FNDA:4,_RNCNCNvNtCslD6BJj2Z6b5_15tensor4all_capi5index18t4a_index_get_tags00B7_
FNDA:6,_RNCNvNtCslD6BJj2Z6b5_15tensor4all_capi5index13t4a_index_dim0B5_
FNDA:13,_RNCNvNtCslD6BJj2Z6b5_15tensor4all_capi5index13t4a_index_new0B5_
FNDA:0,_RNCNvNtCslD6BJj2Z6b5_15tensor4all_capi5index17t4a_index_add_tag0B5_
FNDA:3,_RNCNvNtCslD6BJj2Z6b5_15tensor4all_capi5index17t4a_index_has_tag0B5_
FNDA:4,_RNCNvNtCslD6BJj2Z6b5_15tensor4all_capi5index17t4a_index_id_u1280B5_
FNDA:2,_RNCNvNtCslD6BJj2Z6b5_15tensor4all_capi5index18t4a_index_get_tags0B5_
FNDA:1,_RNCNvNtCslD6BJj2Z6b5_15tensor4all_capi5index21t4a_index_new_with_id0B5_
FNDA:0,_RNCNvNtCslD6BJj2Z6b5_15tensor4all_capi5index22t4a_index_set_tags_csv0B5_
FNDA:2,_RNCNvNtCslD6BJj2Z6b5_15tensor4all_capi5index23t4a_index_new_with_tags0B5_
FNDA:1,_RNvNtNtCslD6BJj2Z6b5_15tensor4all_capi5index5testss_13test_index_id
FNDA:1,_RNvNtNtCslD6BJj2Z6b5_15tensor4all_capi5index5testss_14test_index_new
FNDA:1,_RNvNtNtCslD6BJj2Z6b5_15tensor4all_capi5index5testss_16test_index_clone
FNDA:1,_RNvNtNtCslD6BJj2Z6b5_15tensor4all_capi5index5testss_19test_index_get_tags
FNDA:1,_RNvNtNtCslD6BJj2Z6b5_15tensor4all_capi5index5testss_20test_index_with_tags
FNDA:1,_RNvNtNtCslD6BJj2Z6b5_15tensor4all_capi5index5testss_22test_index_new_with_id
FNDA:1,_RNvNtNtCslD6BJj2Z6b5_15tensor4all_capi5index5testss_23test_index_new_zero_dim
FNF:26
FNH:22
DA:29,14
DA:30,14
DA:31,1
DA:32,13
DA:34,13
DA:35,13
DA:36,13
DA:37,13
DA:39,13
DA:40,14
DA:51,2
DA:52,2
DA:53,0
DA:54,2
DA:56,2
DA:57,2
DA:58,0
DA:59,0
DA:60,2
DA:62,2
DA:63,2
DA:64,2
DA:65,0
DA:69,2
DA:70,2
DA:71,0
DA:73,2
DA:75,2
DA:76,2
DA:89,1
DA:90,1
DA:91,1
DA:92,1
DA:93,1
DA:94,1
DA:95,1
DA:96,0
DA:97,1
DA:99,1
DA:102,1
DA:104,1
DA:105,0
DA:107,1
DA:108,1
DA:109,1
DA:110,0
DA:112,1
DA:113,1
DA:114,0
DA:118,1
DA:119,1
DA:120,1
DA:122,1
DA:123,1
DA:138,6
DA:139,6
DA:140,0
DA:141,6
DA:143,6
DA:144,6
DA:145,6
DA:146,6
DA:147,6
DA:149,6
DA:150,6
DA:162,4
DA:163,4
DA:164,4
DA:165,4
DA:166,4
DA:167,4
DA:168,0
DA:169,4
DA:171,4
DA:172,4
DA:173,4
DA:174,4
DA:175,4
DA:176,4
DA:177,4
DA:179,4
DA:180,4
DA:196,2
DA:197,2
DA:198,2
DA:199,2
DA:200,2
DA:201,2
DA:202,2
DA:203,0
DA:204,2
DA:206,2
DA:207,2
DA:208,2
DA:211,4
DA:212,2
DA:213,2
DA:215,2
DA:217,2
DA:218,1
DA:219,1
DA:221,1
DA:222,0
DA:223,1
DA:226,1
DA:227,1
DA:229,1
DA:230,2
DA:232,2
DA:233,2
DA:248,0
DA:251,0
DA:252,0
DA:253,0
DA:255,0
DA:256,0
DA:257,0
DA:259,0
DA:260,0
DA:261,0
DA:265,0
DA:266,0
DA:267,0
DA:268,0
DA:269,0
DA:271,0
DA:273,0
DA:274,0
DA:285,0
DA:286,0
DA:287,0
DA:288,0
DA:291,0
DA:292,0
DA:293,0
DA:295,0
DA:296,0
DA:297,0
DA:299,0
DA:300,0
DA:301,0
DA:305,0
DA:306,0
DA:307,0
DA:308,0
DA:310,0
DA:311,0
DA:312,0
DA:314,0
DA:316,0
DA:317,0
DA:328,3
DA:329,3
DA:330,0
DA:331,3
DA:333,3
DA:334,3
DA:335,3
DA:337,3
DA:338,3
DA:339,0
DA:342,3
DA:343,2
DA:345,1
DA:347,3
DA:349,3
DA:350,3
DA:362,1
DA:363,1
DA:364,1
DA:366,1
DA:367,1
DA:368,1
DA:369,1
DA:371,1
DA:372,1
DA:375,1
DA:376,1
DA:377,1
DA:378,1
DA:381,1
DA:382,1
DA:383,1
DA:384,1
DA:387,1
DA:388,1
DA:390,1
DA:391,1
DA:393,1
DA:394,1
DA:396,1
DA:397,1
DA:400,1
DA:401,1
DA:402,1
DA:403,1
DA:406,1
DA:407,1
DA:408,1
DA:409,1
DA:412,1
DA:413,1
DA:414,1
DA:416,1
DA:417,1
DA:418,1
DA:420,1
DA:421,1
DA:424,1
DA:425,1
DA:426,1
DA:428,1
DA:429,1
DA:430,1
DA:431,1
DA:434,1
DA:436,1
DA:437,1
DA:440,1
DA:441,1
DA:442,1
DA:444,1
DA:445,1
DA:448,1
DA:449,1
DA:450,1
DA:451,1
DA:452,1
DA:455,1
DA:456,1
DA:457,1
DA:458,1
DA:459,1
DA:460,1
DA:462,1
DA:463,1
DA:464,1
DA:467,1
DA:468,1
DA:469,1
DA:470,1
DA:472,1
DA:473,1
DA:476,1
DA:477,1
DA:478,1
DA:479,1
DA:482,1
DA:483,1
DA:484,1
DA:486,1
DA:487,1
BRF:0
BRH:0
LF:256
LH:200
end_of_record
SF:/Users/ken/git_for_collab4/tensor4all-rs/crates/tensor4all-capi/src/macros.rs
FN:60,_RNCNvNtCslD6BJj2Z6b5_15tensor4all_capi11tensortrain21t4a_tensortrain_clone0B5_
FN:81,_RNCNvNtCslD6BJj2Z6b5_15tensor4all_capi11tensortrain27t4a_tensortrain_is_assigned0B5_
FN:52,t4a_tensortrain_clone
FN:73,t4a_tensortrain_is_assigned
FN:33,t4a_tensortrain_release
FN:52,t4a_index_clone
FN:73,t4a_index_is_assigned
FN:33,t4a_index_release
FN:60,_RNCNvNtCslD6BJj2Z6b5_15tensor4all_capi5index15t4a_index_clone0B5_
FN:81,_RNCNvNtCslD6BJj2Z6b5_15tensor4all_capi5index21t4a_index_is_assigned0B5_
FN:52,t4a_tensor_clone
FN:73,t4a_tensor_is_assigned
FN:33,t4a_tensor_release
FN:60,_RNCNvNtCslD6BJj2Z6b5_15tensor4all_capi6tensor16t4a_tensor_clone0B5_
FN:81,_RNCNvNtCslD6BJj2Z6b5_15tensor4all_capi6tensor22t4a_tensor_is_assigned0B5_
FNDA:1,_RNCNvNtCslD6BJj2Z6b5_15tensor4all_capi11tensortrain21t4a_tensortrain_clone0B5_
FNDA:0,_RNCNvNtCslD6BJj2Z6b5_15tensor4all_capi11tensortrain27t4a_tensortrain_is_assigned0B5_
FNDA:1,t4a_tensortrain_clone
FNDA:0,t4a_tensortrain_is_assigned
FNDA:6,t4a_tensortrain_release
FNDA:3,t4a_index_clone
FNDA:0,t4a_index_is_assigned
FNDA:21,t4a_index_release
FNDA:3,_RNCNvNtCslD6BJj2Z6b5_15tensor4all_capi5index15t4a_index_clone0B5_
FNDA:0,_RNCNvNtCslD6BJj2Z6b5_15tensor4all_capi5index21t4a_index_is_assigned0B5_
FNDA:1,t4a_tensor_clone
FNDA:1,t4a_tensor_is_assigned
FNDA:8,t4a_tensor_release
FNDA:1,_RNCNvNtCslD6BJj2Z6b5_15tensor4all_capi6tensor16t4a_tensor_clone0B5_
FNDA:1,_RNCNvNtCslD6BJj2Z6b5_15tensor4all_capi6tensor22t4a_tensor_is_assigned0B5_
FNF:5
FNH:5
DA:33,35
DA:34,35
DA:35,0
DA:36,35
DA:38,35
DA:39,35
DA:40,35
DA:41,35
DA:52,5
DA:53,5
DA:54,5
DA:55,5
DA:56,0
DA:57,5
DA:59,5
DA:60,5
DA:61,5
DA:62,5
DA:63,5
DA:65,5
DA:66,5
DA:73,1
DA:74,1
DA:75,1
DA:76,1
DA:77,0
DA:78,1
DA:80,1
DA:81,1
DA:82,1
DA:83,1
DA:85,1
DA:86,1
BRF:0
BRH:0
LF:33
LH:30
end_of_record
SF:/Users/ken/git_for_collab4/tensor4all-rs/crates/tensor4all-capi/src/simplett.rs
FN:47,_RNvXs_NtCslD6BJj2Z6b5_15tensor4all_capi8simplettNtB4_16t4a_simplett_f64NtNtNtCskzPJi2J8k3N_4core3ops4drop4Drop4drop
FN:395,_RNvNtNtCslD6BJj2Z6b5_15tensor4all_capi8simplett5testss_22test_simplett_constant
FN:414,_RNvNtNtCslD6BJj2Z6b5_15tensor4all_capi8simplett5testss_22test_simplett_evaluate
FN:39,_RNvMNtCslD6BJj2Z6b5_15tensor4all_capi8simplettNtB2_16t4a_simplett_f6410into_inner
FN:34,_RNvMNtCslD6BJj2Z6b5_15tensor4all_capi8simplettNtB2_16t4a_simplett_f649inner_mut
FN:135,_RNCNCNvNtCslD6BJj2Z6b5_15tensor4all_capi8simplett22t4a_simplett_f64_zeros00B7_
FN:109,_RNCNCNvNtCslD6BJj2Z6b5_15tensor4all_capi8simplett25t4a_simplett_f64_constant00B7_
FN:267,_RNCNCNvNtCslD6BJj2Z6b5_15tensor4all_capi8simplett25t4a_simplett_f64_evaluate00B7_
FN:157,_RNCNvNtCslD6BJj2Z6b5_15tensor4all_capi8simplett20t4a_simplett_f64_len0B5_
FN:291,_RNCNvNtCslD6BJj2Z6b5_15tensor4all_capi8simplett20t4a_simplett_f64_sum0B5_
FN:310,_RNCNvNtCslD6BJj2Z6b5_15tensor4all_capi8simplett21t4a_simplett_f64_norm0B5_
FN:238,_RNCNvNtCslD6BJj2Z6b5_15tensor4all_capi8simplett21t4a_simplett_f64_rank0B5_
FN:77,_RNCNvNtCslD6BJj2Z6b5_15tensor4all_capi8simplett22t4a_simplett_f64_clone0B5_
FN:134,_RNCNvNtCslD6BJj2Z6b5_15tensor4all_capi8simplett22t4a_simplett_f64_zeros0B5_
FN:108,_RNCNvNtCslD6BJj2Z6b5_15tensor4all_capi8simplett25t4a_simplett_f64_constant0B5_
FN:265,_RNCNvNtCslD6BJj2Z6b5_15tensor4all_capi8simplett25t4a_simplett_f64_evaluate0B5_
FN:213,_RNCNvNtCslD6BJj2Z6b5_15tensor4all_capi8simplett26t4a_simplett_f64_link_dims0B5_
FN:182,_RNCNvNtCslD6BJj2Z6b5_15tensor4all_capi8simplett26t4a_simplett_f64_site_dims0B5_
FN:347,_RNCNvNtCslD6BJj2Z6b5_15tensor4all_capi8simplett28t4a_simplett_f64_site_tensor0B5_
FN:23,_RNvMNtCslD6BJj2Z6b5_15tensor4all_capi8simplettNtB2_16t4a_simplett_f643new
FN:29,_RNvMNtCslD6BJj2Z6b5_15tensor4all_capi8simplettNtB2_16t4a_simplett_f645inner
FN:72,t4a_simplett_f64_clone
FN:99,t4a_simplett_f64_constant
FN:255,t4a_simplett_f64_evaluate
FN:149,t4a_simplett_f64_len
FN:204,t4a_simplett_f64_link_dims
FN:302,t4a_simplett_f64_norm
FN:230,t4a_simplett_f64_rank
FN:62,t4a_simplett_f64_release
FN:173,t4a_simplett_f64_site_dims
FN:332,t4a_simplett_f64_site_tensor
FN:283,t4a_simplett_f64_sum
FN:126,t4a_simplett_f64_zeros
FNDA:3,_RNvXs_NtCslD6BJj2Z6b5_15tensor4all_capi8simplettNtB4_16t4a_simplett_f64NtNtNtCskzPJi2J8k3N_4core3ops4drop4Drop4drop
FNDA:1,_RNvNtNtCslD6BJj2Z6b5_15tensor4all_capi8simplett5testss_22test_simplett_constant
FNDA:1,_RNvNtNtCslD6BJj2Z6b5_15tensor4all_capi8simplett5testss_22test_simplett_evaluate
FNDA:0,_RNvMNtCslD6BJj2Z6b5_15tensor4all_capi8simplettNtB2_16t4a_simplett_f6410into_inner
FNDA:0,_RNvMNtCslD6BJj2Z6b5_15tensor4all_capi8simplettNtB2_16t4a_simplett_f649inner_mut
FNDA:0,_RNCNCNvNtCslD6BJj2Z6b5_15tensor4all_capi8simplett22t4a_simplett_f64_zeros00B7_
FNDA:5,_RNCNCNvNtCslD6BJj2Z6b5_15tensor4all_capi8simplett25t4a_simplett_f64_constant00B7_
FNDA:2,_RNCNCNvNtCslD6BJj2Z6b5_15tensor4all_capi8simplett25t4a_simplett_f64_evaluate00B7_
FNDA:1,_RNCNvNtCslD6BJj2Z6b5_15tensor4all_capi8simplett20t4a_simplett_f64_len0B5_
FNDA:2,_RNCNvNtCslD6BJj2Z6b5_15tensor4all_capi8simplett20t4a_simplett_f64_sum0B5_
FNDA:0,_RNCNvNtCslD6BJj2Z6b5_15tensor4all_capi8simplett21t4a_simplett_f64_norm0B5_
FNDA:0,_RNCNvNtCslD6BJj2Z6b5_15tensor4all_capi8simplett21t4a_simplett_f64_rank0B5_
FNDA:0,_RNCNvNtCslD6BJj2Z6b5_15tensor4all_capi8simplett22t4a_simplett_f64_clone0B5_
FNDA:0,_RNCNvNtCslD6BJj2Z6b5_15tensor4all_capi8simplett22t4a_simplett_f64_zeros0B5_
FNDA:2,_RNCNvNtCslD6BJj2Z6b5_15tensor4all_capi8simplett25t4a_simplett_f64_constant0B5_
FNDA:1,_RNCNvNtCslD6BJj2Z6b5_15tensor4all_capi8simplett25t4a_simplett_f64_evaluate0B5_
FNDA:0,_RNCNvNtCslD6BJj2Z6b5_15tensor4all_capi8simplett26t4a_simplett_f64_link_dims0B5_
FNDA:0,_RNCNvNtCslD6BJj2Z6b5_15tensor4all_capi8simplett26t4a_simplett_f64_site_dims0B5_
FNDA:0,_RNCNvNtCslD6BJj2Z6b5_15tensor4all_capi8simplett28t4a_simplett_f64_site_tensor0B5_
FNDA:3,_RNvMNtCslD6BJj2Z6b5_15tensor4all_capi8simplettNtB2_16t4a_simplett_f643new
FNDA:4,_RNvMNtCslD6BJj2Z6b5_15tensor4all_capi8simplettNtB2_16t4a_simplett_f645inner
FNDA:0,t4a_simplett_f64_clone
FNDA:2,t4a_simplett_f64_constant
FNDA:1,t4a_simplett_f64_evaluate
FNDA:1,t4a_simplett_f64_len
FNDA:0,t4a_simplett_f64_link_dims
FNDA:0,t4a_simplett_f64_norm
FNDA:0,t4a_simplett_f64_rank
FNDA:3,t4a_simplett_f64_release
FNDA:0,t4a_simplett_f64_site_dims
FNDA:0,t4a_simplett_f64_site_tensor
FNDA:2,t4a_simplett_f64_sum
FNDA:0,t4a_simplett_f64_zeros
FNF:33
FNH:16
DA:23,3
DA:24,3
DA:25,3
DA:26,3
DA:27,3
DA:29,4
DA:30,4
DA:31,4
DA:34,0
DA:35,0
DA:36,0
DA:39,0
DA:40,0
DA:41,0
DA:42,0
DA:43,0
DA:47,3
DA:48,3
DA:49,3
DA:50,3
DA:51,3
DA:52,0
DA:53,3
DA:62,3
DA:63,3
DA:64,3
DA:65,3
DA:66,3
DA:67,0
DA:68,3
DA:72,0
DA:73,0
DA:74,0
DA:75,0
DA:77,0
DA:78,0
DA:79,0
DA:80,0
DA:82,0
DA:83,0
DA:99,2
DA:100,2
DA:101,2
DA:102,2
DA:103,2
DA:104,2
DA:105,0
DA:106,2
DA:108,2
DA:109,5
DA:110,2
DA:111,2
DA:112,2
DA:114,2
DA:115,2
DA:126,0
DA:127,0
DA:128,0
DA:129,0
DA:130,0
DA:131,0
DA:132,0
DA:134,0
DA:135,0
DA:136,0
DA:137,0
DA:138,0
DA:140,0
DA:141,0
DA:149,1
DA:150,1
DA:151,1
DA:152,1
DA:153,1
DA:154,0
DA:155,1
DA:157,1
DA:158,1
DA:159,1
DA:160,1
DA:161,1
DA:163,1
DA:164,1
DA:173,0
DA:174,0
DA:175,0
DA:176,0
DA:177,0
DA:178,0
DA:179,0
DA:180,0
DA:182,0
DA:183,0
DA:184,0
DA:185,0
DA:186,0
DA:187,0
DA:188,0
DA:189,0
DA:190,0
DA:191,0
DA:192,0
DA:194,0
DA:195,0
DA:204,0
DA:205,0
DA:206,0
DA:207,0
DA:208,0
DA:209,0
DA:210,0
DA:211,0
DA:213,0
DA:214,0
DA:215,0
DA:216,0
DA:217,0
DA:218,0
DA:219,0
DA:220,0
DA:221,0
DA:222,0
DA:223,0
DA:225,0
DA:226,0
DA:230,0
DA:231,0
DA:232,0
DA:233,0
DA:234,0
DA:235,0
DA:236,0
DA:238,0
DA:239,0
DA:240,0
DA:241,0
DA:242,0
DA:244,0
DA:245,0
DA:255,1
DA:256,1
DA:257,1
DA:258,1
DA:259,1
DA:260,1
DA:261,1
DA:262,0
DA:263,1
DA:265,1
DA:266,1
DA:267,2
DA:269,1
DA:270,1
DA:271,1
DA:272,1
DA:274,0
DA:276,1
DA:278,1
DA:279,1
DA:283,2
DA:284,2
DA:285,2
DA:286,2
DA:287,2
DA:288,0
DA:289,2
DA:291,2
DA:292,2
DA:293,2
DA:294,2
DA:295,2
DA:297,2
DA:298,2
DA:302,0
DA:303,0
DA:304,0
DA:305,0
DA:306,0
DA:307,0
DA:308,0
DA:310,0
DA:311,0
DA:312,0
DA:313,0
DA:314,0
DA:316,0
DA:317,0
DA:332,0
DA:333,0
DA:334,0
DA:335,0
DA:336,0
DA:337,0
DA:338,0
DA:339,0
DA:340,0
DA:343,0
DA:344,0
DA:345,0
DA:347,0
DA:348,0
DA:349,0
DA:350,0
DA:351,0
DA:353,0
DA:354,0
DA:355,0
DA:356,0
DA:357,0
DA:359,0
DA:360,0
DA:361,0
DA:364,0
DA:365,0
DA:366,0
DA:367,0
DA:368,0
DA:369,0
DA:370,0
DA:374,0
DA:375,0
DA:376,0
DA:377,0
DA:378,0
DA:379,0
DA:380,0
DA:381,0
DA:382,0
DA:384,0
DA:385,0
DA:387,0
DA:388,0
DA:395,1
DA:396,1
DA:397,1
DA:398,1
DA:400,1
DA:401,1
DA:402,1
DA:403,1
DA:405,1
DA:406,1
DA:407,1
DA:408,1
DA:410,1
DA:411,1
DA:414,1
DA:415,1
DA:416,1
DA:417,1
DA:419,1
DA:420,1
DA:421,1
DA:422,1
DA:423,1
DA:425,1
DA:426,1
BRF:0
BRH:0
LF:271
LH:109
end_of_record
SF:/Users/ken/git_for_collab4/tensor4all-rs/crates/tensor4all-capi/src/tensor.rs
FN:513,_RNvNtNtCslD6BJj2Z6b5_15tensor4all_capi6tensor5testss_15test_tensor_c64
FN:434,_RNvNtNtCslD6BJj2Z6b5_15tensor4all_capi6tensor5testss_21test_tensor_accessors
FN:403,_RNvNtNtCslD6BJj2Z6b5_15tensor4all_capi6tensor5testss_21test_tensor_lifecycle
FN:224,t4a_tensor_get_data_c64
FN:168,t4a_tensor_get_data_f64
FN:57,t4a_tensor_get_dims
FN:97,t4a_tensor_get_indices
FN:28,t4a_tensor_get_rank
FN:132,t4a_tensor_get_storage_kind
FN:347,t4a_tensor_new_dense_c64
FN:282,t4a_tensor_new_dense_f64
FN:372,_RNCNCNvNtCslD6BJj2Z6b5_15tensor4all_capi6tensor24t4a_tensor_new_dense_c6400B7_
FN:382,_RNCNCNvNtCslD6BJj2Z6b5_15tensor4all_capi6tensor24t4a_tensor_new_dense_c640s_0B7_
FN:306,_RNCNCNvNtCslD6BJj2Z6b5_15tensor4all_capi6tensor24t4a_tensor_new_dense_f6400B7_
FN:66,_RNCNvNtCslD6BJj2Z6b5_15tensor4all_capi6tensor19t4a_tensor_get_dims0B5_
FN:36,_RNCNvNtCslD6BJj2Z6b5_15tensor4all_capi6tensor19t4a_tensor_get_rank0B5_
FN:106,_RNCNvNtCslD6BJj2Z6b5_15tensor4all_capi6tensor22t4a_tensor_get_indices0B5_
FN:235,_RNCNvNtCslD6BJj2Z6b5_15tensor4all_capi6tensor23t4a_tensor_get_data_c640B5_
FN:178,_RNCNvNtCslD6BJj2Z6b5_15tensor4all_capi6tensor23t4a_tensor_get_data_f640B5_
FN:359,_RNCNvNtCslD6BJj2Z6b5_15tensor4all_capi6tensor24t4a_tensor_new_dense_c640B5_
FN:293,_RNCNvNtCslD6BJj2Z6b5_15tensor4all_capi6tensor24t4a_tensor_new_dense_f640B5_
FN:140,_RNCNvNtCslD6BJj2Z6b5_15tensor4all_capi6tensor27t4a_tensor_get_storage_kind0B5_
FNDA:1,_RNvNtNtCslD6BJj2Z6b5_15tensor4all_capi6tensor5testss_15test_tensor_c64
FNDA:1,_RNvNtNtCslD6BJj2Z6b5_15tensor4all_capi6tensor5testss_21test_tensor_accessors
FNDA:1,_RNvNtNtCslD6BJj2Z6b5_15tensor4all_capi6tensor5testss_21test_tensor_lifecycle
FNDA:1,t4a_tensor_get_data_c64
FNDA:2,t4a_tensor_get_data_f64
FNDA:1,t4a_tensor_get_dims
FNDA:1,t4a_tensor_get_indices
FNDA:1,t4a_tensor_get_rank
FNDA:2,t4a_tensor_get_storage_kind
FNDA:1,t4a_tensor_new_dense_c64
FNDA:6,t4a_tensor_new_dense_f64
FNDA:2,_RNCNCNvNtCslD6BJj2Z6b5_15tensor4all_capi6tensor24t4a_tensor_new_dense_c6400B7_
FNDA:4,_RNCNCNvNtCslD6BJj2Z6b5_15tensor4all_capi6tensor24t4a_tensor_new_dense_c640s_0B7_
FNDA:10,_RNCNCNvNtCslD6BJj2Z6b5_15tensor4all_capi6tensor24t4a_tensor_new_dense_f6400B7_
FNDA:1,_RNCNvNtCslD6BJj2Z6b5_15tensor4all_capi6tensor19t4a_tensor_get_dims0B5_
FNDA:1,_RNCNvNtCslD6BJj2Z6b5_15tensor4all_capi6tensor19t4a_tensor_get_rank0B5_
FNDA:1,_RNCNvNtCslD6BJj2Z6b5_15tensor4all_capi6tensor22t4a_tensor_get_indices0B5_
FNDA:1,_RNCNvNtCslD6BJj2Z6b5_15tensor4all_capi6tensor23t4a_tensor_get_data_c640B5_
FNDA:2,_RNCNvNtCslD6BJj2Z6b5_15tensor4all_capi6tensor23t4a_tensor_get_data_f640B5_
FNDA:1,_RNCNvNtCslD6BJj2Z6b5_15tensor4all_capi6tensor24t4a_tensor_new_dense_c640B5_
FNDA:6,_RNCNvNtCslD6BJj2Z6b5_15tensor4all_capi6tensor24t4a_tensor_new_dense_f640B5_
FNDA:2,_RNCNvNtCslD6BJj2Z6b5_15tensor4all_capi6tensor27t4a_tensor_get_storage_kind0B5_
FNF:22
FNH:22
DA:28,1
DA:29,1
DA:30,1
DA:31,1
DA:32,1
DA:33,0
DA:34,1
DA:36,1
DA:37,1
DA:38,1
DA:39,1
DA:40,1
DA:41,1
DA:43,1
DA:44,1
DA:57,1
DA:58,1
DA:59,1
DA:60,1
DA:61,1
DA:62,1
DA:63,0
DA:64,1
DA:66,1
DA:67,1
DA:68,1
DA:70,1
DA:71,0
DA:72,1
DA:75,2
DA:76,2
DA:77,2
DA:79,1
DA:80,1
DA:82,1
DA:83,1
DA:97,1
DA:98,1
DA:99,1
DA:100,1
DA:101,1
DA:102,1
DA:103,0
DA:104,1
DA:106,1
DA:107,1
DA:108,1
DA:110,1
DA:111,0
DA:112,1
DA:115,2
DA:116,2
DA:117,2
DA:118,2
DA:120,1
DA:121,1
DA:123,1
DA:124,1
DA:132,2
DA:133,2
DA:134,2
DA:135,2
DA:136,2
DA:137,0
DA:138,2
DA:140,2
DA:141,2
DA:142,2
DA:143,2
DA:144,2
DA:145,2
DA:147,2
DA:148,2
DA:168,2
DA:169,2
DA:170,2
DA:171,2
DA:172,2
DA:173,2
DA:174,2
DA:175,0
DA:176,2
DA:178,2
DA:179,2
DA:181,2
DA:182,2
DA:183,0
DA:186,2
DA:188,2
DA:189,1
DA:190,1
DA:192,1
DA:193,0
DA:194,1
DA:196,1
DA:197,1
DA:198,1
DA:199,1
DA:200,2
DA:202,2
DA:203,2
DA:224,1
DA:225,1
DA:226,1
DA:227,1
DA:228,1
DA:229,1
DA:230,1
DA:231,1
DA:232,0
DA:233,1
DA:235,1
DA:236,1
DA:238,1
DA:239,1
DA:240,0
DA:243,1
DA:245,1
DA:246,0
DA:247,1
DA:249,1
DA:250,0
DA:251,1
DA:254,4
DA:255,4
DA:256,4
DA:257,4
DA:259,1
DA:260,1
DA:262,1
DA:263,1
DA:282,6
DA:283,6
DA:284,6
DA:285,6
DA:286,6
DA:287,6
DA:288,6
DA:289,6
DA:290,0
DA:291,6
DA:293,6
DA:295,6
DA:296,10
DA:297,10
DA:298,10
DA:299,0
DA:300,10
DA:301,10
DA:302,10
DA:306,10
DA:309,6
DA:310,6
DA:311,0
DA:312,6
DA:315,6
DA:318,6
DA:321,6
DA:323,6
DA:324,6
DA:326,6
DA:327,6
DA:347,1
DA:348,1
DA:349,1
DA:350,1
DA:351,1
DA:352,1
DA:353,1
DA:354,1
DA:355,1
DA:356,0
DA:357,1
DA:359,1
DA:361,1
DA:362,2
DA:363,2
DA:364,2
DA:365,0
DA:366,2
DA:367,2
DA:368,2
DA:372,2
DA:375,1
DA:376,1
DA:377,0
DA:378,1
DA:381,1
DA:382,4
DA:383,1
DA:386,1
DA:389,1
DA:391,1
DA:392,1
DA:394,1
DA:395,1
DA:403,1
DA:405,1
DA:406,1
DA:407,1
DA:408,1
DA:411,1
DA:412,1
DA:413,1
DA:415,1
DA:416,1
DA:417,1
DA:420,1
DA:423,1
DA:424,1
DA:427,1
DA:428,1
DA:429,1
DA:430,1
DA:431,1
DA:434,1
DA:436,1
DA:437,1
DA:440,1
DA:441,1
DA:442,1
DA:444,1
DA:445,1
DA:448,1
DA:449,1
DA:450,1
DA:453,1
DA:456,1
DA:457,1
DA:458,1
DA:461,1
DA:464,1
DA:465,1
DA:466,1
DA:469,1
DA:472,1
DA:473,1
DA:474,1
DA:477,1
DA:479,1
DA:480,1
DA:481,1
DA:484,1
DA:487,1
DA:488,1
DA:489,1
DA:494,1
DA:495,1
DA:496,1
DA:497,1
DA:498,1
DA:499,1
DA:502,3
DA:503,2
DA:504,2
DA:507,1
DA:508,1
DA:509,1
DA:510,1
DA:513,1
DA:515,1
DA:516,1
DA:519,1
DA:520,1
DA:521,1
DA:522,1
DA:524,1
DA:526,1
DA:527,1
DA:528,1
DA:529,1
DA:532,1
DA:535,1
DA:536,1
DA:537,1
DA:540,1
DA:543,1
DA:544,1
DA:545,1
DA:546,1
DA:547,1
DA:548,1
DA:549,1
DA:550,1
DA:552,1
DA:556,1
DA:557,1
DA:558,1
DA:561,1
DA:562,1
DA:563,1
DA:564,1
BRF:0
BRH:0
LF:303
LH:284
end_of_record
SF:/Users/ken/git_for_collab4/tensor4all-rs/crates/tensor4all-capi/src/tensorci.rs
FN:61,_RNvXs_NtCslD6BJj2Z6b5_15tensor4all_capi8tensorciNtB4_12t4a_tci2_f64NtNtNtCskzPJi2J8k3N_4core3ops4drop4Drop4drop
FN:504,_RNvNtNtCslD6BJj2Z6b5_15tensor4all_capi8tensorci5testss_13test_tci2_new
FN:518,_RNvNtNtCslD6BJj2Z6b5_15tensor4all_capi8tensorci5testss_31test_crossinterpolate2_constant
FN:520,_RNvNvNtNtCslD6BJj2Z6b5_15tensor4all_capi8tensorci5testss_31test_crossinterpolate2_constant14const_callback
FN:429,_RNCNCNCNvNtCslD6BJj2Z6b5_15tensor4all_capi8tensorci25t4a_crossinterpolate2_f640s0_00B9_
FN:420,_RNCNCNCNvNtCslD6BJj2Z6b5_15tensor4all_capi8tensorci25t4a_crossinterpolate2_f640s_00B9_
FN:107,_RNCNCNvNtCslD6BJj2Z6b5_15tensor4all_capi8tensorci16t4a_tci2_f64_new00B7_
FN:410,_RNCNCNvNtCslD6BJj2Z6b5_15tensor4all_capi8tensorci25t4a_crossinterpolate2_f6400B7_
FN:428,_RNCNCNvNtCslD6BJj2Z6b5_15tensor4all_capi8tensorci25t4a_crossinterpolate2_f640s0_0B7_
FN:418,_RNCNCNvNtCslD6BJj2Z6b5_15tensor4all_capi8tensorci25t4a_crossinterpolate2_f640s_0B7_
FN:133,_RNCNvNtCslD6BJj2Z6b5_15tensor4all_capi8tensorci16t4a_tci2_f64_len0B5_
FN:105,_RNCNvNtCslD6BJj2Z6b5_15tensor4all_capi8tensorci16t4a_tci2_f64_new0B5_
FN:152,_RNCNvNtCslD6BJj2Z6b5_15tensor4all_capi8tensorci17t4a_tci2_f64_rank0B5_
FN:303,_RNCNvNtCslD6BJj2Z6b5_15tensor4all_capi8tensorci18t4a_tci2_f64_sweep0B5_
FN:172,_RNCNvNtCslD6BJj2Z6b5_15tensor4all_capi8tensorci22t4a_tci2_f64_link_dims0B5_
FN:407,_RNCNvNtCslD6BJj2Z6b5_15tensor4all_capi8tensorci25t4a_crossinterpolate2_f640B5_
FN:216,_RNCNvNtCslD6BJj2Z6b5_15tensor4all_capi8tensorci27t4a_tci2_f64_max_bond_error0B5_
FN:354,_RNCNvNtCslD6BJj2Z6b5_15tensor4all_capi8tensorci28t4a_tci2_f64_to_tensor_train0B5_
FN:197,_RNCNvNtCslD6BJj2Z6b5_15tensor4all_capi8tensorci29t4a_tci2_f64_max_sample_value0B5_
FN:247,_RNCNvNtCslD6BJj2Z6b5_15tensor4all_capi8tensorci30t4a_tci2_f64_add_global_pivots0B5_
FN:45,_RNvMNtCslD6BJj2Z6b5_15tensor4all_capi8tensorciNtB2_12t4a_tci2_f643new
FN:51,_RNvMNtCslD6BJj2Z6b5_15tensor4all_capi8tensorciNtB2_12t4a_tci2_f645inner
FN:55,_RNvMNtCslD6BJj2Z6b5_15tensor4all_capi8tensorciNtB2_12t4a_tci2_f649inner_mut
FN:390,t4a_crossinterpolate2_f64
FN:237,t4a_tci2_f64_add_global_pivots
FN:125,t4a_tci2_f64_len
FN:163,t4a_tci2_f64_link_dims
FN:208,t4a_tci2_f64_max_bond_error
FN:189,t4a_tci2_f64_max_sample_value
FN:97,t4a_tci2_f64_new
FN:144,t4a_tci2_f64_rank
FN:76,t4a_tci2_f64_release
FN:290,t4a_tci2_f64_sweep
FN:349,t4a_tci2_f64_to_tensor_train
FN:497,_RNCNvNtNtCslD6BJj2Z6b5_15tensor4all_capi8tensorci5tests12sum_callback0B7_
FN:490,_RNvNtNtCslD6BJj2Z6b5_15tensor4all_capi8tensorci5tests12sum_callback
FNDA:2,_RNvXs_NtCslD6BJj2Z6b5_15tensor4all_capi8tensorciNtB4_12t4a_tci2_f64NtNtNtCskzPJi2J8k3N_4core3ops4drop4Drop4drop
FNDA:1,_RNvNtNtCslD6BJj2Z6b5_15tensor4all_capi8tensorci5testss_13test_tci2_new
FNDA:1,_RNvNtNtCslD6BJj2Z6b5_15tensor4all_capi8tensorci5testss_31test_crossinterpolate2_constant
FNDA:13,_RNvNvNtNtCslD6BJj2Z6b5_15tensor4all_capi8tensorci5testss_31test_crossinterpolate2_constant14const_callback
FNDA:26,_RNCNCNCNvNtCslD6BJj2Z6b5_15tensor4all_capi8tensorci25t4a_crossinterpolate2_f640s0_00B9_
FNDA:0,_RNCNCNCNvNtCslD6BJj2Z6b5_15tensor4all_capi8tensorci25t4a_crossinterpolate2_f640s_00B9_
FNDA:3,_RNCNCNvNtCslD6BJj2Z6b5_15tensor4all_capi8tensorci16t4a_tci2_f64_new00B7_
FNDA:2,_RNCNCNvNtCslD6BJj2Z6b5_15tensor4all_capi8tensorci25t4a_crossinterpolate2_f6400B7_
FNDA:13,_RNCNCNvNtCslD6BJj2Z6b5_15tensor4all_capi8tensorci25t4a_crossinterpolate2_f640s0_0B7_
FNDA:0,_RNCNCNvNtCslD6BJj2Z6b5_15tensor4all_capi8tensorci25t4a_crossinterpolate2_f640s_0B7_
FNDA:1,_RNCNvNtCslD6BJj2Z6b5_15tensor4all_capi8tensorci16t4a_tci2_f64_len0B5_
FNDA:1,_RNCNvNtCslD6BJj2Z6b5_15tensor4all_capi8tensorci16t4a_tci2_f64_new0B5_
FNDA:1,_RNCNvNtCslD6BJj2Z6b5_15tensor4all_capi8tensorci17t4a_tci2_f64_rank0B5_
FNDA:0,_RNCNvNtCslD6BJj2Z6b5_15tensor4all_capi8tensorci18t4a_tci2_f64_sweep0B5_
FNDA:0,_RNCNvNtCslD6BJj2Z6b5_15tensor4all_capi8tensorci22t4a_tci2_f64_link_dims0B5_
FNDA:1,_RNCNvNtCslD6BJj2Z6b5_15tensor4all_capi8tensorci25t4a_crossinterpolate2_f640B5_
FNDA:0,_RNCNvNtCslD6BJj2Z6b5_15tensor4all_capi8tensorci27t4a_tci2_f64_max_bond_error0B5_
FNDA:1,_RNCNvNtCslD6BJj2Z6b5_15tensor4all_capi8tensorci28t4a_tci2_f64_to_tensor_train0B5_
FNDA:0,_RNCNvNtCslD6BJj2Z6b5_15tensor4all_capi8tensorci29t4a_tci2_f64_max_sample_value0B5_
FNDA:0,_RNCNvNtCslD6BJj2Z6b5_15tensor4all_capi8tensorci30t4a_tci2_f64_add_global_pivots0B5_
FNDA:2,_RNvMNtCslD6BJj2Z6b5_15tensor4all_capi8tensorciNtB2_12t4a_tci2_f643new
FNDA:3,_RNvMNtCslD6BJj2Z6b5_15tensor4all_capi8tensorciNtB2_12t4a_tci2_f645inner
FNDA:0,_RNvMNtCslD6BJj2Z6b5_15tensor4all_capi8tensorciNtB2_12t4a_tci2_f649inner_mut
FNDA:1,t4a_crossinterpolate2_f64
FNDA:0,t4a_tci2_f64_add_global_pivots
FNDA:1,t4a_tci2_f64_len
FNDA:0,t4a_tci2_f64_link_dims
FNDA:0,t4a_tci2_f64_max_bond_error
FNDA:0,t4a_tci2_f64_max_sample_value
FNDA:1,t4a_tci2_f64_new
FNDA:1,t4a_tci2_f64_rank
FNDA:2,t4a_tci2_f64_release
FNDA:0,t4a_tci2_f64_sweep
FNDA:1,t4a_tci2_f64_to_tensor_train
FNDA:0,_RNCNvNtNtCslD6BJj2Z6b5_15tensor4all_capi8tensorci5tests12sum_callback0B7_
FNDA:0,_RNvNtNtCslD6BJj2Z6b5_15tensor4all_capi8tensorci5tests12sum_callback
FNF:36
FNH:21
DA:45,2
DA:46,2
DA:47,2
DA:48,2
DA:49,2
DA:51,3
DA:52,3
DA:53,3
DA:55,0
DA:56,0
DA:57,0
DA:61,2
DA:62,2
DA:63,2
DA:64,2
DA:65,2
DA:66,0
DA:67,2
DA:76,2
DA:77,2
DA:78,2
DA:79,2
DA:80,2
DA:81,0
DA:82,2
DA:97,1
DA:98,1
DA:99,1
DA:100,1
DA:101,1
DA:102,0
DA:103,1
DA:105,1
DA:106,1
DA:107,3
DA:108,1
DA:110,1
DA:111,1
DA:112,0
DA:114,1
DA:116,1
DA:117,1
DA:125,1
DA:126,1
DA:127,1
DA:128,1
DA:129,1
DA:130,0
DA:131,1
DA:133,1
DA:134,1
DA:135,1
DA:136,1
DA:137,1
DA:139,1
DA:140,1
DA:144,1
DA:145,1
DA:146,1
DA:147,1
DA:148,1
DA:149,0
DA:150,1
DA:152,1
DA:153,1
DA:154,1
DA:155,1
DA:156,1
DA:158,1
DA:159,1
DA:163,0
DA:164,0
DA:165,0
DA:166,0
DA:167,0
DA:168,0
DA:169,0
DA:170,0
DA:172,0
DA:173,0
DA:174,0
DA:175,0
DA:176,0
DA:177,0
DA:178,0
DA:179,0
DA:180,0
DA:181,0
DA:182,0
DA:184,0
DA:185,0
DA:189,0
DA:190,0
DA:191,0
DA:192,0
DA:193,0
DA:194,0
DA:195,0
DA:197,0
DA:198,0
DA:199,0
DA:200,0
DA:201,0
DA:203,0
DA:204,0
DA:208,0
DA:209,0
DA:210,0
DA:211,0
DA:212,0
DA:213,0
DA:214,0
DA:216,0
DA:217,0
DA:218,0
DA:219,0
DA:220,0
DA:222,0
DA:223,0
DA:237,0
DA:238,0
DA:239,0
DA:240,0
DA:241,0
DA:242,0
DA:243,0
DA:244,0
DA:245,0
DA:247,0
DA:248,0
DA:251,0
DA:252,0
DA:253,0
DA:254,0
DA:255,0
DA:256,0
DA:257,0
DA:260,0
DA:261,0
DA:262,0
DA:264,0
DA:266,0
DA:267,0
DA:290,0
DA:291,0
DA:292,0
DA:293,0
DA:294,0
DA:295,0
DA:296,0
DA:297,0
DA:298,0
DA:299,0
DA:300,0
DA:301,0
DA:303,0
DA:304,0
DA:305,0
DA:318,0
DA:321,0
DA:322,0
DA:323,0
DA:324,0
DA:327,0
DA:328,0
DA:329,0
DA:331,0
DA:332,0
DA:334,0
DA:335,0
DA:349,1
DA:350,1
DA:351,0
DA:352,1
DA:354,1
DA:355,1
DA:356,1
DA:357,1
DA:358,0
DA:360,1
DA:362,1
DA:363,1
DA:390,1
DA:391,1
DA:392,1
DA:393,1
DA:394,1
DA:395,1
DA:396,1
DA:397,1
DA:398,1
DA:399,1
DA:400,1
DA:401,1
DA:402,1
DA:403,1
DA:404,0
DA:405,1
DA:407,1
DA:409,1
DA:410,2
DA:411,1
DA:414,1
DA:415,1
DA:417,0
DA:418,0
DA:419,0
DA:420,0
DA:421,0
DA:422,0
DA:423,0
DA:428,13
DA:429,26
DA:430,13
DA:432,13
DA:433,13
DA:434,13
DA:435,13
DA:436,13
DA:437,13
DA:439,13
DA:440,0
DA:442,13
DA:444,13
DA:447,1
DA:448,1
DA:449,1
DA:450,1
DA:452,0
DA:454,1
DA:455,1
DA:461,1
DA:462,1
DA:463,1
DA:464,1
DA:465,1
DA:467,1
DA:470,1
DA:471,1
DA:472,1
DA:473,1
DA:475,1
DA:477,0
DA:479,1
DA:481,1
DA:482,1
DA:490,0
DA:491,0
DA:492,0
DA:493,0
DA:494,0
DA:495,0
DA:497,0
DA:498,0
DA:500,0
DA:501,0
DA:504,1
DA:505,1
DA:506,1
DA:507,1
DA:509,1
DA:510,1
DA:511,1
DA:512,1
DA:514,1
DA:515,1
DA:518,1
DA:520,13
DA:521,13
DA:522,13
DA:523,13
DA:524,13
DA:525,13
DA:526,13
DA:527,13
DA:528,13
DA:530,1
DA:531,1
DA:532,1
DA:534,1
DA:535,1
DA:537,1
DA:539,1
DA:540,1
DA:544,1
DA:545,1
DA:548,1
DA:549,1
DA:552,1
DA:553,1
DA:554,1
DA:557,1
DA:558,1
DA:560,1
DA:561,1
DA:562,1
DA:564,1
DA:565,1
DA:566,1
BRF:0
BRH:0
LF:316
LH:176
end_of_record
SF:/Users/ken/git_for_collab4/tensor4all-rs/crates/tensor4all-capi/src/tensortrain.rs
FN:48,_RNCNCNvNtCslD6BJj2Z6b5_15tensor4all_capi11tensortrain10t4a_tt_new00B7_
FN:100,_RNCNvNtCslD6BJj2Z6b5_15tensor4all_capi11tensortrain10t4a_tt_len0B5_
FN:44,_RNCNvNtCslD6BJj2Z6b5_15tensor4all_capi11tensortrain10t4a_tt_new0B5_
FN:374,_RNCNvNtCslD6BJj2Z6b5_15tensor4all_capi11tensortrain11t4a_tt_llim0B5_
FN:564,_RNCNvNtCslD6BJj2Z6b5_15tensor4all_capi11tensortrain11t4a_tt_norm0B5_
FN:403,_RNCNvNtCslD6BJj2Z6b5_15tensor4all_capi11tensortrain11t4a_tt_rlim0B5_
FN:596,_RNCNvNtCslD6BJj2Z6b5_15tensor4all_capi11tensortrain12t4a_tt_inner0B5_
FN:151,_RNCNvNtCslD6BJj2Z6b5_15tensor4all_capi11tensortrain13t4a_tt_tensor0B5_
FN:311,_RNCNvNtCslD6BJj2Z6b5_15tensor4all_capi11tensortrain14t4a_tt_isortho0B5_
FN:283,_RNCNvNtCslD6BJj2Z6b5_15tensor4all_capi11tensortrain14t4a_tt_linkind0B5_
FN:648,_RNCNvNtCslD6BJj2Z6b5_15tensor4all_capi11tensortrain15t4a_tt_contract0B5_
FN:122,_RNCNvNtCslD6BJj2Z6b5_15tensor4all_capi11tensortrain15t4a_tt_is_empty0B5_
FN:527,_RNCNvNtCslD6BJj2Z6b5_15tensor4all_capi11tensortrain15t4a_tt_truncate0B5_
FN:223,_RNCNvNtCslD6BJj2Z6b5_15tensor4all_capi11tensortrain16t4a_tt_bond_dims0B5_
FN:69,_RNCNvNtCslD6BJj2Z6b5_15tensor4all_capi11tensortrain16t4a_tt_new_empty0B5_
FN:257,_RNCNvNtCslD6BJj2Z6b5_15tensor4all_capi11tensortrain17t4a_tt_maxbonddim0B5_
FN:188,_RNCNvNtCslD6BJj2Z6b5_15tensor4all_capi11tensortrain17t4a_tt_set_tensor0B5_
FN:340,_RNCNvNtCslD6BJj2Z6b5_15tensor4all_capi11tensortrain18t4a_tt_orthocenter0B5_
FN:466,_RNCNvNtCslD6BJj2Z6b5_15tensor4all_capi11tensortrain20t4a_tt_orthogonalize0B5_
FN:429,_RNCNvNtCslD6BJj2Z6b5_15tensor4all_capi11tensortrain21t4a_tt_canonical_form0B5_
FN:496,_RNCNvNtCslD6BJj2Z6b5_15tensor4all_capi11tensortrain25t4a_tt_orthogonalize_with0B5_
FN:214,t4a_tt_bond_dims
FN:421,t4a_tt_canonical_form
FN:636,t4a_tt_contract
FN:586,t4a_tt_inner
FN:117,t4a_tt_is_empty
FN:306,t4a_tt_isortho
FN:92,t4a_tt_len
FN:275,t4a_tt_linkind
FN:366,t4a_tt_llim
FN:249,t4a_tt_maxbonddim
FN:36,t4a_tt_new
FN:68,t4a_tt_new_empty
FN:556,t4a_tt_norm
FN:332,t4a_tt_orthocenter
FN:458,t4a_tt_orthogonalize
FN:487,t4a_tt_orthogonalize_with
FN:395,t4a_tt_rlim
FN:179,t4a_tt_set_tensor
FN:143,t4a_tt_tensor
FN:518,t4a_tt_truncate
FN:727,_RNCNvNtNtCslD6BJj2Z6b5_15tensor4all_capi11tensortrain5testss_20test_tt_from_tensors0B7_
FN:728,_RNCNvNtNtCslD6BJj2Z6b5_15tensor4all_capi11tensortrain5testss_20test_tt_from_tensorss_0B7_
FN:693,_RNvNtNtCslD6BJj2Z6b5_15tensor4all_capi11tensortrain5testss_17test_tt_lifecycle
FN:718,_RNvNtNtCslD6BJj2Z6b5_15tensor4all_capi11tensortrain5testss_20test_tt_from_tensors
FN:766,_RNvNtNtCslD6BJj2Z6b5_15tensor4all_capi11tensortrain5testss_42test_tt_contract_rounds_up_odd_nhalfsweeps
FNDA:4,_RNCNCNvNtCslD6BJj2Z6b5_15tensor4all_capi11tensortrain10t4a_tt_new00B7_
FNDA:2,_RNCNvNtCslD6BJj2Z6b5_15tensor4all_capi11tensortrain10t4a_tt_len0B5_
FNDA:3,_RNCNvNtCslD6BJj2Z6b5_15tensor4all_capi11tensortrain10t4a_tt_new0B5_
FNDA:0,_RNCNvNtCslD6BJj2Z6b5_15tensor4all_capi11tensortrain11t4a_tt_llim0B5_
FNDA:0,_RNCNvNtCslD6BJj2Z6b5_15tensor4all_capi11tensortrain11t4a_tt_norm0B5_
FNDA:0,_RNCNvNtCslD6BJj2Z6b5_15tensor4all_capi11tensortrain11t4a_tt_rlim0B5_
FNDA:0,_RNCNvNtCslD6BJj2Z6b5_15tensor4all_capi11tensortrain12t4a_tt_inner0B5_
FNDA:0,_RNCNvNtCslD6BJj2Z6b5_15tensor4all_capi11tensortrain13t4a_tt_tensor0B5_
FNDA:0,_RNCNvNtCslD6BJj2Z6b5_15tensor4all_capi11tensortrain14t4a_tt_isortho0B5_
FNDA:0,_RNCNvNtCslD6BJj2Z6b5_15tensor4all_capi11tensortrain14t4a_tt_linkind0B5_
FNDA:1,_RNCNvNtCslD6BJj2Z6b5_15tensor4all_capi11tensortrain15t4a_tt_contract0B5_
FNDA:1,_RNCNvNtCslD6BJj2Z6b5_15tensor4all_capi11tensortrain15t4a_tt_is_empty0B5_
FNDA:0,_RNCNvNtCslD6BJj2Z6b5_15tensor4all_capi11tensortrain15t4a_tt_truncate0B5_
FNDA:0,_RNCNvNtCslD6BJj2Z6b5_15tensor4all_capi11tensortrain16t4a_tt_bond_dims0B5_
FNDA:1,_RNCNvNtCslD6BJj2Z6b5_15tensor4all_capi11tensortrain16t4a_tt_new_empty0B5_
FNDA:1,_RNCNvNtCslD6BJj2Z6b5_15tensor4all_capi11tensortrain17t4a_tt_maxbonddim0B5_
FNDA:0,_RNCNvNtCslD6BJj2Z6b5_15tensor4all_capi11tensortrain17t4a_tt_set_tensor0B5_
FNDA:0,_RNCNvNtCslD6BJj2Z6b5_15tensor4all_capi11tensortrain18t4a_tt_orthocenter0B5_
FNDA:0,_RNCNvNtCslD6BJj2Z6b5_15tensor4all_capi11tensortrain20t4a_tt_orthogonalize0B5_
FNDA:0,_RNCNvNtCslD6BJj2Z6b5_15tensor4all_capi11tensortrain21t4a_tt_canonical_form0B5_
FNDA:0,_RNCNvNtCslD6BJj2Z6b5_15tensor4all_capi11tensortrain25t4a_tt_orthogonalize_with0B5_
FNDA:0,t4a_tt_bond_dims
FNDA:0,t4a_tt_canonical_form
FNDA:1,t4a_tt_contract
FNDA:0,t4a_tt_inner
FNDA:1,t4a_tt_is_empty
FNDA:0,t4a_tt_isortho
FNDA:2,t4a_tt_len
FNDA:0,t4a_tt_linkind
FNDA:0,t4a_tt_llim
FNDA:1,t4a_tt_maxbonddim
FNDA:3,t4a_tt_new
FNDA:1,t4a_tt_new_empty
FNDA:0,t4a_tt_norm
FNDA:0,t4a_tt_orthocenter
FNDA:0,t4a_tt_orthogonalize
FNDA:0,t4a_tt_orthogonalize_with
FNDA:0,t4a_tt_rlim
FNDA:0,t4a_tt_set_tensor
FNDA:0,t4a_tt_tensor
FNDA:0,t4a_tt_truncate
FNDA:6,_RNCNvNtNtCslD6BJj2Z6b5_15tensor4all_capi11tensortrain5testss_20test_tt_from_tensors0B7_
FNDA:6,_RNCNvNtNtCslD6BJj2Z6b5_15tensor4all_capi11tensortrain5testss_20test_tt_from_tensorss_0B7_
FNDA:1,_RNvNtNtCslD6BJj2Z6b5_15tensor4all_capi11tensortrain5testss_17test_tt_lifecycle
FNDA:1,_RNvNtNtCslD6BJj2Z6b5_15tensor4all_capi11tensortrain5testss_20test_tt_from_tensors
FNDA:1,_RNvNtNtCslD6BJj2Z6b5_15tensor4all_capi11tensortrain5testss_42test_tt_contract_rounds_up_odd_nhalfsweeps
FNF:46
FNH:18
DA:36,3
DA:37,3
DA:38,3
DA:39,3
DA:40,3
DA:41,0
DA:42,3
DA:44,3
DA:46,3
DA:47,3
DA:48,4
DA:49,4
DA:50,4
DA:51,3
DA:54,3
DA:55,3
DA:56,0
DA:58,3
DA:60,3
DA:61,3
DA:68,1
DA:69,1
DA:70,1
DA:71,1
DA:72,0
DA:74,1
DA:76,1
DA:77,1
DA:92,2
DA:93,2
DA:94,2
DA:95,2
DA:96,2
DA:97,0
DA:98,2
DA:100,2
DA:101,2
DA:102,2
DA:103,2
DA:104,2
DA:106,2
DA:107,2
DA:117,1
DA:118,1
DA:119,0
DA:120,1
DA:122,1
DA:123,1
DA:124,1
DA:125,1
DA:127,0
DA:129,1
DA:131,1
DA:132,1
DA:143,0
DA:144,0
DA:145,0
DA:146,0
DA:147,0
DA:148,0
DA:149,0
DA:151,0
DA:152,0
DA:153,0
DA:154,0
DA:155,0
DA:156,0
DA:157,0
DA:158,0
DA:160,0
DA:161,0
DA:179,0
DA:180,0
DA:181,0
DA:182,0
DA:183,0
DA:184,0
DA:185,0
DA:186,0
DA:188,0
DA:189,0
DA:190,0
DA:192,0
DA:193,0
DA:194,0
DA:196,0
DA:197,0
DA:198,0
DA:199,0
DA:201,0
DA:202,0
DA:214,0
DA:215,0
DA:216,0
DA:217,0
DA:218,0
DA:219,0
DA:220,0
DA:221,0
DA:223,0
DA:224,0
DA:225,0
DA:227,0
DA:228,0
DA:229,0
DA:231,0
DA:232,0
DA:233,0
DA:234,0
DA:235,0
DA:237,0
DA:238,0
DA:249,1
DA:250,1
DA:251,1
DA:252,1
DA:253,1
DA:254,0
DA:255,1
DA:257,1
DA:258,1
DA:259,1
DA:260,1
DA:261,1
DA:263,1
DA:264,1
DA:275,0
DA:276,0
DA:277,0
DA:278,0
DA:279,0
DA:280,0
DA:281,0
DA:283,0
DA:284,0
DA:285,0
DA:286,0
DA:287,0
DA:289,0
DA:291,0
DA:292,0
DA:306,0
DA:307,0
DA:308,0
DA:309,0
DA:311,0
DA:312,0
DA:313,0
DA:314,0
DA:316,0
DA:318,0
DA:320,0
DA:321,0
DA:332,0
DA:333,0
DA:334,0
DA:335,0
DA:336,0
DA:337,0
DA:338,0
DA:340,0
DA:341,0
DA:342,0
DA:343,0
DA:344,0
DA:345,0
DA:347,0
DA:349,0
DA:351,0
DA:352,0
DA:366,0
DA:367,0
DA:368,0
DA:369,0
DA:370,0
DA:371,0
DA:372,0
DA:374,0
DA:375,0
DA:376,0
DA:377,0
DA:378,0
DA:380,0
DA:381,0
DA:395,0
DA:396,0
DA:397,0
DA:398,0
DA:399,0
DA:400,0
DA:401,0
DA:403,0
DA:404,0
DA:405,0
DA:406,0
DA:407,0
DA:409,0
DA:410,0
DA:421,0
DA:422,0
DA:423,0
DA:424,0
DA:425,0
DA:426,0
DA:427,0
DA:429,0
DA:430,0
DA:431,0
DA:432,0
DA:433,0
DA:434,0
DA:436,0
DA:438,0
DA:440,0
DA:441,0
DA:458,0
DA:459,0
DA:460,0
DA:461,0
DA:462,0
DA:463,0
DA:464,0
DA:466,0
DA:467,0
DA:468,0
DA:469,0
DA:470,0
DA:472,0
DA:474,0
DA:475,0
DA:487,0
DA:488,0
DA:489,0
DA:490,0
DA:491,0
DA:492,0
DA:493,0
DA:494,0
DA:496,0
DA:497,0
DA:498,0
DA:499,0
DA:500,0
DA:501,0
DA:503,0
DA:505,0
DA:506,0
DA:518,0
DA:519,0
DA:520,0
DA:521,0
DA:522,0
DA:523,0
DA:524,0
DA:525,0
DA:527,0
DA:528,0
DA:530,0
DA:531,0
DA:532,0
DA:533,0
DA:534,0
DA:535,0
DA:536,0
DA:538,0
DA:539,0
DA:540,0
DA:542,0
DA:544,0
DA:545,0
DA:556,0
DA:557,0
DA:558,0
DA:559,0
DA:560,0
DA:561,0
DA:562,0
DA:564,0
DA:565,0
DA:566,0
DA:567,0
DA:568,0
DA:570,0
DA:571,0
DA:586,0
DA:587,0
DA:588,0
DA:589,0
DA:590,0
DA:591,0
DA:592,0
DA:593,0
DA:594,0
DA:596,0
DA:599,0
DA:600,0
DA:602,0
DA:604,0
DA:605,0
DA:606,0
DA:607,0
DA:608,0
DA:609,0
DA:610,0
DA:611,0
DA:612,0
DA:615,0
DA:616,0
DA:618,0
DA:619,0
DA:636,1
DA:637,1
DA:638,1
DA:639,1
DA:640,1
DA:641,1
DA:642,1
DA:643,1
DA:644,1
DA:645,0
DA:646,1
DA:648,1
DA:651,1
DA:652,1
DA:655,1
DA:656,1
DA:657,1
DA:658,0
DA:659,0
DA:662,1
DA:663,0
DA:664,1
DA:665,1
DA:666,0
DA:667,1
DA:668,1
DA:671,1
DA:672,0
DA:674,1
DA:676,1
DA:677,0
DA:679,1
DA:680,1
DA:681,0
DA:683,1
DA:685,1
DA:686,1
DA:693,1
DA:695,1
DA:696,1
DA:699,1
DA:700,1
DA:703,1
DA:704,1
DA:705,1
DA:706,1
DA:709,1
DA:710,1
DA:713,1
DA:714,1
DA:715,1
DA:718,1
DA:722,1
DA:723,1
DA:724,1
DA:727,6
DA:728,6
DA:731,1
DA:732,1
DA:733,1
DA:735,1
DA:736,1
DA:737,1
DA:738,1
DA:741,1
DA:742,1
DA:743,1
DA:746,1
DA:747,1
DA:748,1
DA:751,1
DA:752,1
DA:753,1
DA:756,1
DA:757,1
DA:758,1
DA:759,1
DA:760,1
DA:761,1
DA:762,1
DA:763,1
DA:766,1
DA:770,1
DA:771,1
DA:773,1
DA:774,1
DA:776,1
DA:777,1
DA:778,1
DA:780,1
DA:781,1
DA:782,1
DA:784,1
DA:785,1
DA:786,1
DA:787,1
DA:788,1
DA:789,1
DA:792,1
DA:793,1
DA:794,1
DA:795,1
DA:800,1
DA:803,1
DA:804,1
DA:805,1
DA:806,1
DA:807,1
DA:808,1
DA:809,1
DA:810,1
BRF:0
BRH:0
LF:443
LH:172
end_of_record
SF:/Users/ken/git_for_collab4/tensor4all-rs/crates/tensor4all-capi/src/types.rs
FN:227,_RNvXsf_NtCslD6BJj2Z6b5_15tensor4all_capi5typesNtNtCsaogGgQeyHx_17tensor4all_treetn9algorithm13CanonicalFormINtNtCskzPJi2J8k3N_4core7convert4FromNtB5_18t4a_canonical_formE4from
FN:53,_RNvXs0_NtCslD6BJj2Z6b5_15tensor4all_capi5typesNtB5_9t4a_indexNtNtNtCskzPJi2J8k3N_4core3ops4drop4Drop4drop
FN:132,_RNvXs6_NtCslD6BJj2Z6b5_15tensor4all_capi5typesNtB5_10t4a_tensorNtNtNtCskzPJi2J8k3N_4core3ops4drop4Drop4drop
FN:189,_RNvXsb_NtCslD6BJj2Z6b5_15tensor4all_capi5typesNtB5_15t4a_tensortrainNtNtNtCskzPJi2J8k3N_4core3ops4drop4Drop4drop
FN:28,_RNvMNtCslD6BJj2Z6b5_15tensor4all_capi5typesNtB2_9t4a_index3new
FN:35,_RNvMNtCslD6BJj2Z6b5_15tensor4all_capi5typesNtB2_9t4a_index5inner
FN:40,_RNvMNtCslD6BJj2Z6b5_15tensor4all_capi5typesNtB2_9t4a_index9inner_mut
FN:84,_RNvMs3_NtCslD6BJj2Z6b5_15tensor4all_capi5typesNtB5_16t4a_storage_kind12from_storage
FN:106,_RNvMs4_NtCslD6BJj2Z6b5_15tensor4all_capi5typesNtB5_10t4a_tensor3new
FN:113,_RNvMs4_NtCslD6BJj2Z6b5_15tensor4all_capi5typesNtB5_10t4a_tensor5inner
FN:164,_RNvMs9_NtCslD6BJj2Z6b5_15tensor4all_capi5typesNtB5_15t4a_tensortrain3new
FN:171,_RNvMs9_NtCslD6BJj2Z6b5_15tensor4all_capi5typesNtB5_15t4a_tensortrain5inner
FN:176,_RNvMs9_NtCslD6BJj2Z6b5_15tensor4all_capi5typesNtB5_15t4a_tensortrain9inner_mut
FN:125,_RNvXs5_NtCslD6BJj2Z6b5_15tensor4all_capi5typesNtB5_10t4a_tensorNtNtCskzPJi2J8k3N_4core5clone5Clone5clone
FN:46,_RNvXs_NtCslD6BJj2Z6b5_15tensor4all_capi5typesNtB4_9t4a_indexNtNtCskzPJi2J8k3N_4core5clone5Clone5clone
FN:182,_RNvXsa_NtCslD6BJj2Z6b5_15tensor4all_capi5typesNtB5_15t4a_tensortrainNtNtCskzPJi2J8k3N_4core5clone5Clone5clone
FN:217,_RNvXse_NtCslD6BJj2Z6b5_15tensor4all_capi5typesNtB5_18t4a_canonical_formINtNtCskzPJi2J8k3N_4core7convert4FromNtNtCsaogGgQeyHx_17tensor4all_treetn9algorithm13CanonicalFormE4from
FN:119,_RNvMs4_NtCslD6BJj2Z6b5_15tensor4all_capi5typesNtB5_10t4a_tensor9inner_mut
FN:260,_RNvXsg_NtCslD6BJj2Z6b5_15tensor4all_capi5typesNtB5_23t4a_factorize_algorithmINtNtCskzPJi2J8k3N_4core7convert4FromNtNtCsbrO2ourfQV3_15tensor4all_core11tensor_like12FactorizeAlgE4from
FN:271,_RNvXsh_NtCslD6BJj2Z6b5_15tensor4all_capi5typesNtNtCsbrO2ourfQV3_15tensor4all_core11tensor_like12FactorizeAlgINtNtCskzPJi2J8k3N_4core7convert4FromNtB5_23t4a_factorize_algorithmE4from
FN:334,_RNvXsi_NtCslD6BJj2Z6b5_15tensor4all_capi5typesNtB5_19t4a_contract_methodINtNtCskzPJi2J8k3N_4core7convert4FromNtNtCsaRfSWFUMrL5_22tensor4all_itensorlike7options14ContractMethodE4from
FN:344,_RNvXsj_NtCslD6BJj2Z6b5_15tensor4all_capi5typesNtNtCsaRfSWFUMrL5_22tensor4all_itensorlike7options14ContractMethodINtNtCskzPJi2J8k3N_4core7convert4FromNtB5_19t4a_contract_methodE4from
FNDA:0,_RNvXsf_NtCslD6BJj2Z6b5_15tensor4all_capi5typesNtNtCsaogGgQeyHx_17tensor4all_treetn9algorithm13CanonicalFormINtNtCskzPJi2J8k3N_4core7convert4FromNtB5_18t4a_canonical_formE4from
FNDA:21,_RNvXs0_NtCslD6BJj2Z6b5_15tensor4all_capi5typesNtB5_9t4a_indexNtNtNtCskzPJi2J8k3N_4core3ops4drop4Drop4drop
FNDA:8,_RNvXs6_NtCslD6BJj2Z6b5_15tensor4all_capi5typesNtB5_10t4a_tensorNtNtNtCskzPJi2J8k3N_4core3ops4drop4Drop4drop
FNDA:6,_RNvXsb_NtCslD6BJj2Z6b5_15tensor4all_capi5typesNtB5_15t4a_tensortrainNtNtNtCskzPJi2J8k3N_4core3ops4drop4Drop4drop
FNDA:21,_RNvMNtCslD6BJj2Z6b5_15tensor4all_capi5typesNtB2_9t4a_index3new
FNDA:30,_RNvMNtCslD6BJj2Z6b5_15tensor4all_capi5typesNtB2_9t4a_index5inner
FNDA:0,_RNvMNtCslD6BJj2Z6b5_15tensor4all_capi5typesNtB2_9t4a_index9inner_mut
FNDA:2,_RNvMs3_NtCslD6BJj2Z6b5_15tensor4all_capi5typesNtB5_16t4a_storage_kind12from_storage
FNDA:8,_RNvMs4_NtCslD6BJj2Z6b5_15tensor4all_capi5typesNtB5_10t4a_tensor3new
FNDA:13,_RNvMs4_NtCslD6BJj2Z6b5_15tensor4all_capi5typesNtB5_10t4a_tensor5inner
FNDA:6,_RNvMs9_NtCslD6BJj2Z6b5_15tensor4all_capi5typesNtB5_15t4a_tensortrain3new
FNDA:7,_RNvMs9_NtCslD6BJj2Z6b5_15tensor4all_capi5typesNtB5_15t4a_tensortrain5inner
FNDA:0,_RNvMs9_NtCslD6BJj2Z6b5_15tensor4all_capi5typesNtB5_15t4a_tensortrain9inner_mut
FNDA:1,_RNvXs5_NtCslD6BJj2Z6b5_15tensor4all_capi5typesNtB5_10t4a_tensorNtNtCskzPJi2J8k3N_4core5clone5Clone5clone
FNDA:3,_RNvXs_NtCslD6BJj2Z6b5_15tensor4all_capi5typesNtB4_9t4a_indexNtNtCskzPJi2J8k3N_4core5clone5Clone5clone
FNDA:1,_RNvXsa_NtCslD6BJj2Z6b5_15tensor4all_capi5typesNtB5_15t4a_tensortrainNtNtCskzPJi2J8k3N_4core5clone5Clone5clone
FNDA:0,_RNvXse_NtCslD6BJj2Z6b5_15tensor4all_capi5typesNtB5_18t4a_canonical_formINtNtCskzPJi2J8k3N_4core7convert4FromNtNtCsaogGgQeyHx_17tensor4all_treetn9algorithm13CanonicalFormE4from
FNDA:0,_RNvMs4_NtCslD6BJj2Z6b5_15tensor4all_capi5typesNtB5_10t4a_tensor9inner_mut
FNDA:0,_RNvXsg_NtCslD6BJj2Z6b5_15tensor4all_capi5typesNtB5_23t4a_factorize_algorithmINtNtCskzPJi2J8k3N_4core7convert4FromNtNtCsbrO2ourfQV3_15tensor4all_core11tensor_like12FactorizeAlgE4from
FNDA:0,_RNvXsh_NtCslD6BJj2Z6b5_15tensor4all_capi5typesNtNtCsbrO2ourfQV3_15tensor4all_core11tensor_like12FactorizeAlgINtNtCskzPJi2J8k3N_4core7convert4FromNtB5_23t4a_factorize_algorithmE4from
FNDA:0,_RNvXsi_NtCslD6BJj2Z6b5_15tensor4all_capi5typesNtB5_19t4a_contract_methodINtNtCskzPJi2J8k3N_4core7convert4FromNtNtCsaRfSWFUMrL5_22tensor4all_itensorlike7options14ContractMethodE4from
FNDA:1,_RNvXsj_NtCslD6BJj2Z6b5_15tensor4all_capi5typesNtNtCsaRfSWFUMrL5_22tensor4all_itensorlike7options14ContractMethodINtNtCskzPJi2J8k3N_4core7convert4FromNtB5_19t4a_contract_methodE4from
FNF:22
FNH:14
DA:28,21
DA:29,21
DA:30,21
DA:31,21
DA:32,21
DA:35,30
DA:36,30
DA:37,30
DA:40,0
DA:41,0
DA:42,0
DA:46,3
DA:47,3
DA:48,3
DA:49,3
DA:53,21
DA:55,21
DA:56,21
DA:57,21
DA:59,21
DA:84,2
DA:85,2
DA:86,1
DA:87,1
DA:88,0
DA:89,0
DA:91,2
DA:106,8
DA:107,8
DA:108,8
DA:109,8
DA:110,8
DA:113,13
DA:114,13
DA:115,13
DA:119,0
DA:120,0
DA:121,0
DA:125,1
DA:126,1
DA:127,1
DA:128,1
DA:132,8
DA:134,8
DA:135,8
DA:136,8
DA:138,8
DA:164,6
DA:165,6
DA:166,6
DA:167,6
DA:168,6
DA:171,7
DA:172,7
DA:173,7
DA:176,0
DA:177,0
DA:178,0
DA:182,1
DA:183,1
DA:184,1
DA:185,1
DA:189,6
DA:191,6
DA:192,6
DA:193,6
DA:195,6
DA:217,0
DA:218,0
DA:219,0
DA:220,0
DA:221,0
DA:223,0
DA:227,0
DA:228,0
DA:229,0
DA:230,0
DA:231,0
DA:233,0
DA:260,0
DA:261,0
DA:262,0
DA:263,0
DA:264,0
DA:265,0
DA:267,0
DA:271,0
DA:272,0
DA:273,0
DA:274,0
DA:275,0
DA:276,0
DA:278,0
DA:334,0
DA:335,0
DA:336,0
DA:337,0
DA:338,0
DA:340,0
DA:344,1
DA:345,1
DA:346,1
DA:347,0
DA:348,0
DA:350,1
BRF:0
BRH:0
LF:105
LH:60
end_of_record
SF:/Users/ken/git_for_collab4/tensor4all-rs/crates/tensor4all-core/src/defaults/contract.rs
FN:280,_RNvMNtNtCsbrO2ourfQV3_15tensor4all_core8defaults8contractNtB2_20RemappedAllowedPairs6as_ref
FN:294,_RNvNtNtCsbrO2ourfQV3_15tensor4all_core8defaults8contract13contract_pair
FN:57,_RNvNtNtCsbrO2ourfQV3_15tensor4all_core8defaults8contract14contract_multi
FN:437,_RNvNtNtCsbrO2ourfQV3_15tensor4all_core8defaults8contract18build_internal_ids
FN:136,_RNvNtNtCsbrO2ourfQV3_15tensor4all_core8defaults8contract18contract_connected
FN:246,_RNvNtNtCsbrO2ourfQV3_15tensor4all_core8defaults8contract19remap_allowed_pairs
FN:588,_RNvNtNtCsbrO2ourfQV3_15tensor4all_core8defaults8contract24execute_contraction_tree
FN:152,_RNvNtNtCsbrO2ourfQV3_15tensor4all_core8defaults8contract24has_contractable_indices
FN:531,_RNvNtNtCsbrO2ourfQV3_15tensor4all_core8defaults8contract24validate_connected_graph
FN:317,_RNvNtNtCsbrO2ourfQV3_15tensor4all_core8defaults8contract28contract_connected_optimized
FN:169,_RNvNtNtCsbrO2ourfQV3_15tensor4all_core8defaults8contract32find_tensor_connected_components
FN:301,_RNCNCNvNtNtCsbrO2ourfQV3_15tensor4all_core8defaults8contract13contract_pair00B9_
FN:302,_RNCNCNvNtNtCsbrO2ourfQV3_15tensor4all_core8defaults8contract13contract_pair0s_0B9_
FN:520,_RNCNCNvNtNtCsbrO2ourfQV3_15tensor4all_core8defaults8contract18build_internal_idss_00B9_
FN:155,_RNCNCNvNtNtCsbrO2ourfQV3_15tensor4all_core8defaults8contract24has_contractable_indices00B9_
FN:390,_RNCNCNvNtNtCsbrO2ourfQV3_15tensor4all_core8defaults8contract28contract_connected_optimizeds1_00B9_
FN:298,_RNCNvNtNtCsbrO2ourfQV3_15tensor4all_core8defaults8contract13contract_pair0B7_
FN:86,_RNCNvNtNtCsbrO2ourfQV3_15tensor4all_core8defaults8contract14contract_multi0B7_
FN:449,_RNCNvNtNtCsbrO2ourfQV3_15tensor4all_core8defaults8contract18build_internal_ids0B7_
FN:518,_RNCNvNtNtCsbrO2ourfQV3_15tensor4all_core8defaults8contract18build_internal_idss_0B7_
FN:254,_RNCNvNtNtCsbrO2ourfQV3_15tensor4all_core8defaults8contract19remap_allowed_pairs0B7_
FN:260,_RNCNvNtNtCsbrO2ourfQV3_15tensor4all_core8defaults8contract19remap_allowed_pairss_0B7_
FN:598,_RNCNvNtNtCsbrO2ourfQV3_15tensor4all_core8defaults8contract24execute_contraction_tree0B7_
FN:155,_RNCNvNtNtCsbrO2ourfQV3_15tensor4all_core8defaults8contract24has_contractable_indices0B7_
FN:351,_RNCNvNtNtCsbrO2ourfQV3_15tensor4all_core8defaults8contract28contract_connected_optimized0B7_
FN:368,_RNCNvNtNtCsbrO2ourfQV3_15tensor4all_core8defaults8contract28contract_connected_optimizeds0_0B7_
FN:386,_RNCNvNtNtCsbrO2ourfQV3_15tensor4all_core8defaults8contract28contract_connected_optimizeds1_0B7_
FN:407,_RNCNvNtNtCsbrO2ourfQV3_15tensor4all_core8defaults8contract28contract_connected_optimizeds2_0B7_
FN:183,_RNCNvNtNtCsbrO2ourfQV3_15tensor4all_core8defaults8contract32find_tensor_connected_components0B7_
FN:238,_RNCNvNtNtCsbrO2ourfQV3_15tensor4all_core8defaults8contract32find_tensor_connected_componentss_0B7_
FNDA:6,_RNvMNtNtCsbrO2ourfQV3_15tensor4all_core8defaults8contractNtB2_20RemappedAllowedPairs6as_ref
FNDA:17,_RNvNtNtCsbrO2ourfQV3_15tensor4all_core8defaults8contract13contract_pair
FNDA:20,_RNvNtNtCsbrO2ourfQV3_15tensor4all_core8defaults8contract14contract_multi
FNDA:17,_RNvNtNtCsbrO2ourfQV3_15tensor4all_core8defaults8contract18build_internal_ids
FNDA:23,_RNvNtNtCsbrO2ourfQV3_15tensor4all_core8defaults8contract18contract_connected
FNDA:6,_RNvNtNtCsbrO2ourfQV3_15tensor4all_core8defaults8contract19remap_allowed_pairs
FNDA:51,_RNvNtNtCsbrO2ourfQV3_15tensor4all_core8defaults8contract24execute_contraction_tree
FNDA:20,_RNvNtNtCsbrO2ourfQV3_15tensor4all_core8defaults8contract24has_contractable_indices
FNDA:0,_RNvNtNtCsbrO2ourfQV3_15tensor4all_core8defaults8contract24validate_connected_graph
FNDA:17,_RNvNtNtCsbrO2ourfQV3_15tensor4all_core8defaults8contract28contract_connected_optimized
FNDA:20,_RNvNtNtCsbrO2ourfQV3_15tensor4all_core8defaults8contract32find_tensor_connected_components
FNDA:83,_RNCNCNvNtNtCsbrO2ourfQV3_15tensor4all_core8defaults8contract13contract_pair00B9_
FNDA:17,_RNCNCNvNtNtCsbrO2ourfQV3_15tensor4all_core8defaults8contract13contract_pair0s_0B9_
FNDA:75,_RNCNCNvNtNtCsbrO2ourfQV3_15tensor4all_core8defaults8contract18build_internal_idss_00B9_
FNDA:67,_RNCNCNvNtNtCsbrO2ourfQV3_15tensor4all_core8defaults8contract24has_contractable_indices00B9_
FNDA:75,_RNCNCNvNtNtCsbrO2ourfQV3_15tensor4all_core8defaults8contract28contract_connected_optimizeds1_00B9_
FNDA:40,_RNCNvNtNtCsbrO2ourfQV3_15tensor4all_core8defaults8contract13contract_pair0B7_
FNDA:6,_RNCNvNtNtCsbrO2ourfQV3_15tensor4all_core8defaults8contract14contract_multi0B7_
FNDA:17,_RNCNvNtNtCsbrO2ourfQV3_15tensor4all_core8defaults8contract18build_internal_ids0B7_
FNDA:34,_RNCNvNtNtCsbrO2ourfQV3_15tensor4all_core8defaults8contract18build_internal_idss_0B7_
FNDA:0,_RNCNvNtNtCsbrO2ourfQV3_15tensor4all_core8defaults8contract19remap_allowed_pairs0B7_
FNDA:0,_RNCNvNtNtCsbrO2ourfQV3_15tensor4all_core8defaults8contract19remap_allowed_pairss_0B7_
FNDA:34,_RNCNvNtNtCsbrO2ourfQV3_15tensor4all_core8defaults8contract24execute_contraction_tree0B7_
FNDA:34,_RNCNvNtNtCsbrO2ourfQV3_15tensor4all_core8defaults8contract24has_contractable_indices0B7_
FNDA:58,_RNCNvNtNtCsbrO2ourfQV3_15tensor4all_core8defaults8contract28contract_connected_optimized0B7_
FNDA:0,_RNCNvNtNtCsbrO2ourfQV3_15tensor4all_core8defaults8contract28contract_connected_optimizeds0_0B7_
FNDA:34,_RNCNvNtNtCsbrO2ourfQV3_15tensor4all_core8defaults8contract28contract_connected_optimizeds1_0B7_
FNDA:41,_RNCNvNtNtCsbrO2ourfQV3_15tensor4all_core8defaults8contract28contract_connected_optimizeds2_0B7_
FNDA:40,_RNCNvNtNtCsbrO2ourfQV3_15tensor4all_core8defaults8contract32find_tensor_connected_components0B7_
FNDA:6,_RNCNvNtNtCsbrO2ourfQV3_15tensor4all_core8defaults8contract32find_tensor_connected_componentss_0B7_
FNF:30
FNH:26
DA:57,20
DA:58,20
DA:59,0
DA:60,0
DA:63,20
DA:64,0
DA:65,0
DA:66,0
DA:67,0
DA:68,0
DA:69,0
DA:70,0
DA:71,0
DA:73,20
DA:76,20
DA:78,20
DA:80,17
DA:83,3
DA:84,9
DA:85,6
DA:86,6
DA:89,6
DA:90,6
DA:91,6
DA:92,6
DA:96,3
DA:97,3
DA:98,3
DA:100,3
DA:104,20
DA:136,23
DA:137,23
DA:138,23
DA:139,23
DA:140,23
DA:141,0
DA:142,6
DA:143,17
DA:145,23
DA:152,20
DA:153,20
DA:154,20
DA:155,67
DA:156,20
DA:169,20
DA:170,20
DA:171,20
DA:172,20
DA:173,20
DA:174,20
DA:175,0
DA:176,20
DA:177,20
DA:178,0
DA:179,20
DA:182,20
DA:183,40
DA:186,20
DA:189,40
DA:190,40
DA:191,20
DA:192,17
DA:193,17
DA:197,0
DA:199,0
DA:200,0
DA:201,0
DA:202,0
DA:208,20
DA:210,20
DA:212,17
DA:213,3
DA:218,3
DA:219,3
DA:221,6
DA:222,6
DA:223,6
DA:224,6
DA:225,12
DA:226,6
DA:227,6
DA:228,6
DA:229,6
DA:230,6
DA:232,6
DA:233,6
DA:234,0
DA:238,6
DA:239,3
DA:240,20
DA:246,6
DA:247,6
DA:248,6
DA:249,0
DA:251,0
DA:252,0
DA:253,0
DA:254,0
DA:255,0
DA:258,0
DA:259,0
DA:260,0
DA:261,0
DA:262,0
DA:263,0
DA:265,0
DA:266,0
DA:268,0
DA:271,6
DA:280,6
DA:281,6
DA:282,6
DA:283,0
DA:285,6
DA:294,17
DA:295,17
DA:296,17
DA:297,17
DA:298,40
DA:299,40
DA:300,40
DA:301,83
DA:302,40
DA:303,40
DA:304,17
DA:306,17
DA:308,0
DA:310,17
DA:312,17
DA:317,17
DA:318,17
DA:319,17
DA:320,17
DA:322,17
DA:324,0
DA:325,0
DA:326,0
DA:327,0
DA:328,0
DA:329,0
DA:330,0
DA:331,0
DA:334,0
DA:335,17
DA:340,17
DA:343,17
DA:344,51
DA:345,109
DA:346,75
DA:347,75
DA:349,17
DA:350,17
DA:351,58
DA:352,17
DA:353,17
DA:354,17
DA:357,17
DA:358,34
DA:359,75
DA:360,75
DA:361,75
DA:362,75
DA:366,17
DA:367,17
DA:368,17
DA:372,17
DA:373,0
DA:374,0
DA:375,0
DA:376,0
DA:377,0
DA:378,0
DA:379,17
DA:383,17
DA:384,17
DA:385,17
DA:386,34
DA:387,34
DA:388,34
DA:389,34
DA:390,75
DA:392,75
DA:393,75
DA:394,34
DA:395,34
DA:396,34
DA:397,17
DA:400,17
DA:404,17
DA:405,17
DA:406,17
DA:407,41
DA:409,41
DA:410,41
DA:411,41
DA:412,41
DA:413,17
DA:415,17
DA:416,17
DA:417,17
DA:418,17
DA:419,17
DA:420,17
DA:437,17
DA:438,17
DA:439,17
DA:440,17
DA:441,17
DA:443,17
DA:445,17
DA:449,17
DA:450,40
DA:451,83
DA:452,83
DA:453,17
DA:454,17
DA:455,17
DA:456,17
DA:457,17
DA:458,17
DA:459,17
DA:460,17
DA:461,17
DA:462,17
DA:463,0
DA:464,0
DA:465,0
DA:466,0
DA:467,0
DA:468,0
DA:469,0
DA:470,0
DA:471,0
DA:474,0
DA:476,0
DA:480,66
DA:483,17
DA:485,17
DA:488,34
DA:489,34
DA:490,17
DA:491,17
DA:494,0
DA:496,0
DA:497,0
DA:498,0
DA:503,34
DA:504,75
DA:505,75
DA:506,75
DA:507,41
DA:508,41
DA:509,41
DA:510,41
DA:515,17
DA:516,17
DA:517,17
DA:518,34
DA:519,34
DA:520,75
DA:521,34
DA:522,34
DA:523,17
DA:525,17
DA:526,17
DA:531,0
DA:532,0
DA:533,0
DA:534,0
DA:535,0
DA:536,0
DA:537,0
DA:538,0
DA:539,0
DA:540,0
DA:541,0
DA:542,0
DA:545,0
DA:546,0
DA:547,0
DA:548,0
DA:549,0
DA:550,0
DA:551,0
DA:552,0
DA:553,0
DA:554,0
DA:555,0
DA:556,0
DA:560,0
DA:561,0
DA:562,0
DA:563,0
DA:564,0
DA:566,0
DA:567,0
DA:568,0
DA:569,0
DA:570,0
DA:571,0
DA:572,0
DA:576,0
DA:577,0
DA:578,0
DA:579,0
DA:580,0
DA:581,0
DA:582,0
DA:584,0
DA:585,0
DA:588,51
DA:589,51
DA:590,51
DA:591,51
DA:592,51
DA:593,34
DA:594,17
DA:596,17
DA:597,17
DA:598,34
DA:599,17
DA:602,17
DA:603,17
DA:604,17
DA:606,17
DA:609,51
BRF:0
BRH:0
LF:345
LH:231
end_of_record
SF:/Users/ken/git_for_collab4/tensor4all-rs/crates/tensor4all-core/src/defaults/direct_sum.rs
FN:45,_RNvNtNtCsbrO2ourfQV3_15tensor4all_core8defaults10direct_sum10direct_sum
FN:299,_RNvNtNtCsbrO2ourfQV3_15tensor4all_core8defaults10direct_sum14direct_sum_c64
FN:237,_RNvNtNtCsbrO2ourfQV3_15tensor4all_core8defaults10direct_sum14direct_sum_f64
FN:223,_RNvNtNtCsbrO2ourfQV3_15tensor4all_core8defaults10direct_sum15linear_to_multi
FN:233,_RNvNtNtCsbrO2ourfQV3_15tensor4all_core8defaults10direct_sum15multi_to_linear
FN:79,_RNvNtNtCsbrO2ourfQV3_15tensor4all_core8defaults10direct_sum16setup_direct_sum
[...]
FNDA:0,_RNCNvMs1_NtNtCsaogGgQeyHx_17tensor4all_treetn6treetn3opsINtB9_6TreeTNppE8log_norm0Bb_
FNDA:0,_RNCNvMs1_NtNtCsaogGgQeyHx_17tensor4all_treetn6treetn3opsINtB9_6TreeTNppE8log_norms0_0Bb_
FNDA:0,_RNCNvMs1_NtNtCsaogGgQeyHx_17tensor4all_treetn6treetn3opsINtB9_6TreeTNppE8log_norms_0Bb_
FNDA:0,_RNvMs1_NtNtCsaogGgQeyHx_17tensor4all_treetn6treetn3opsINtB7_6TreeTNppE8log_normB9_
FNDA:0,_RNvXININtNtCsaogGgQeyHx_17tensor4all_treetn6treetn3ops0ppEINtB7_6TreeTNppENtNtCskzPJi2J8k3N_4core7default7Default7defaultB9_
FNDA:0,_RNvXININtNtCsaogGgQeyHx_17tensor4all_treetn6treetn3opss0_0ppEINtB7_6TreeTNppENtNtCskzPJi2J8k3N_4core3fmt5Debug3fmtB9_
FNDA:0,_RNvXININtNtCsaogGgQeyHx_17tensor4all_treetn6treetn3opss_0ppEINtB7_6TreeTNppENtNtCskzPJi2J8k3N_4core5clone5Clone5cloneB9_
FNDA:0,_RNCNvMs1_NtNtCsaogGgQeyHx_17tensor4all_treetn6treetn3opsINtB9_6TreeTNNtNtNtCsbrO2ourfQV3_15tensor4all_core8defaults12tensordynlen12TensorDynLenjE8log_norm0Csk8nCQTNnVi9_22tensor4all_itensorlike
FNDA:0,_RNCNvMs1_NtNtCsaogGgQeyHx_17tensor4all_treetn6treetn3opsINtB9_6TreeTNNtNtNtCsbrO2ourfQV3_15tensor4all_core8defaults12tensordynlen12TensorDynLenjE8log_norms0_0Csk8nCQTNnVi9_22tensor4all_itensorlike
FNDA:0,_RNCNvMs1_NtNtCsaogGgQeyHx_17tensor4all_treetn6treetn3opsINtB9_6TreeTNNtNtNtCsbrO2ourfQV3_15tensor4all_core8defaults12tensordynlen12TensorDynLenjE8log_norms_0Csk8nCQTNnVi9_22tensor4all_itensorlike
FNDA:0,_RNvMs1_NtNtCsaogGgQeyHx_17tensor4all_treetn6treetn3opsINtB7_6TreeTNNtNtNtCsbrO2ourfQV3_15tensor4all_core8defaults12tensordynlen12TensorDynLenjE8log_normCsk8nCQTNnVi9_22tensor4all_itensorlike
FNDA:7,_RNvXNtNtCsaogGgQeyHx_17tensor4all_treetn6treetn3opsINtB4_6TreeTNNtNtNtCsbrO2ourfQV3_15tensor4all_core8defaults12tensordynlen12TensorDynLenjENtNtCskzPJi2J8k3N_4core7default7Default7defaultCsk8nCQTNnVi9_22tensor4all_itensorlike
FNDA:0,_RNvXs0_NtNtCsaogGgQeyHx_17tensor4all_treetn6treetn3opsINtB7_6TreeTNNtNtNtCsbrO2ourfQV3_15tensor4all_core8defaults12tensordynlen12TensorDynLenjENtNtCskzPJi2J8k3N_4core3fmt5Debug3fmtCsk8nCQTNnVi9_22tensor4all_itensorlike
FNDA:10,_RNvXs_NtNtCsaogGgQeyHx_17tensor4all_treetn6treetn3opsINtB6_6TreeTNNtNtNtCsbrO2ourfQV3_15tensor4all_core8defaults12tensordynlen12TensorDynLenjENtNtCskzPJi2J8k3N_4core5clone5Clone5cloneCsk8nCQTNnVi9_22tensor4all_itensorlike
FNF:7
FNH:2
DA:24,7
DA:25,7
DA:26,7
DA:38,13
DA:39,13
DA:40,13
DA:41,13
DA:42,13
DA:43,13
DA:44,13
DA:45,13
DA:46,13
DA:47,13
DA:59,0
DA:60,0
DA:61,0
DA:62,0
DA:63,0
DA:64,0
DA:65,0
DA:100,0
DA:101,0
DA:102,0
DA:103,0
DA:104,0
DA:105,0
DA:108,0
DA:109,0
DA:110,0
DA:112,0
DA:115,0
DA:116,0
DA:117,0
DA:118,0
DA:120,0
DA:121,0
DA:125,0
DA:126,0
DA:127,0
DA:128,0
DA:129,0
DA:130,0
DA:131,0
DA:132,0
DA:133,0
DA:135,0
DA:136,0
DA:140,0
DA:141,0
DA:142,0
DA:143,0
DA:145,0
DA:146,0
DA:147,0
DA:148,0
DA:150,0
DA:151,0
DA:153,0
DA:154,0
BRF:0
BRH:0
LF:62
LH:13
end_of_record
SF:/Users/ken/git_for_collab4/tensor4all-rs/crates/tensor4all-treetn/src/treetn/tensor_like.rs
FN:81,_RNCNvXININtNtCsaogGgQeyHx_17tensor4all_treetn6treetn11tensor_like0ppEINtB9_6TreeTNppENtNtCsbrO2ourfQV3_15tensor4all_core12tensor_index11TensorIndex10replaceind0Bb_
FN:99,_RNCNvXININtNtCsaogGgQeyHx_17tensor4all_treetn6treetn11tensor_like0ppEINtB9_6TreeTNppENtNtCsbrO2ourfQV3_15tensor4all_core12tensor_index11TensorIndex10replaceinds0_0Bb_
FN:105,_RNCNvXININtNtCsaogGgQeyHx_17tensor4all_treetn6treetn11tensor_like0ppEINtB9_6TreeTNppENtNtCsbrO2ourfQV3_15tensor4all_core12tensor_index11TensorIndex10replaceinds1_0Bb_
FN:113,_RNCNvXININtNtCsaogGgQeyHx_17tensor4all_treetn6treetn11tensor_like0ppEINtB9_6TreeTNppENtNtCsbrO2ourfQV3_15tensor4all_core12tensor_index11TensorIndex10replaceinds2_0Bb_
FN:119,_RNCNvXININtNtCsaogGgQeyHx_17tensor4all_treetn6treetn11tensor_like0ppEINtB9_6TreeTNppENtNtCsbrO2ourfQV3_15tensor4all_core12tensor_index11TensorIndex10replaceinds3_0Bb_
FN:86,_RNCNvXININtNtCsaogGgQeyHx_17tensor4all_treetn6treetn11tensor_like0ppEINtB9_6TreeTNppENtNtCsbrO2ourfQV3_15tensor4all_core12tensor_index11TensorIndex10replaceinds_0Bb_
FN:61,_RNCNvXININtNtCsaogGgQeyHx_17tensor4all_treetn6treetn11tensor_like0ppEINtB9_6TreeTNppENtNtCsbrO2ourfQV3_15tensor4all_core12tensor_index11TensorIndex20num_external_indices0Bb_
FN:62,_RNCNvXININtNtCsaogGgQeyHx_17tensor4all_treetn6treetn11tensor_like0ppEINtB9_6TreeTNppENtNtCsbrO2ourfQV3_15tensor4all_core12tensor_index11TensorIndex20num_external_indicess_0Bb_
FN:74,_RNvXININtNtCsaogGgQeyHx_17tensor4all_treetn6treetn11tensor_like0ppEINtB7_6TreeTNppENtNtCsbrO2ourfQV3_15tensor4all_core12tensor_index11TensorIndex10replaceindB9_
FN:131,_RNvXININtNtCsaogGgQeyHx_17tensor4all_treetn6treetn11tensor_like0ppEINtB7_6TreeTNppENtNtCsbrO2ourfQV3_15tensor4all_core12tensor_index11TensorIndex11replaceindsB9_
FN:48,_RNvXININtNtCsaogGgQeyHx_17tensor4all_treetn6treetn11tensor_like0ppEINtB7_6TreeTNppENtNtCsbrO2ourfQV3_15tensor4all_core12tensor_index11TensorIndex16external_indicesB9_
FN:58,_RNvXININtNtCsaogGgQeyHx_17tensor4all_treetn6treetn11tensor_like0ppEINtB7_6TreeTNppENtNtCsbrO2ourfQV3_15tensor4all_core12tensor_index11TensorIndex20num_external_indicesB9_
FNDA:0,_RNCNvXININtNtCsaogGgQeyHx_17tensor4all_treetn6treetn11tensor_like0ppEINtB9_6TreeTNppENtNtCsbrO2ourfQV3_15tensor4all_core12tensor_index11TensorIndex10replaceind0Bb_
FNDA:0,_RNCNvXININtNtCsaogGgQeyHx_17tensor4all_treetn6treetn11tensor_like0ppEINtB9_6TreeTNppENtNtCsbrO2ourfQV3_15tensor4all_core12tensor_index11TensorIndex10replaceinds0_0Bb_
FNDA:0,_RNCNvXININtNtCsaogGgQeyHx_17tensor4all_treetn6treetn11tensor_like0ppEINtB9_6TreeTNppENtNtCsbrO2ourfQV3_15tensor4all_core12tensor_index11TensorIndex10replaceinds1_0Bb_
FNDA:0,_RNCNvXININtNtCsaogGgQeyHx_17tensor4all_treetn6treetn11tensor_like0ppEINtB9_6TreeTNppENtNtCsbrO2ourfQV3_15tensor4all_core12tensor_index11TensorIndex10replaceinds2_0Bb_
FNDA:0,_RNCNvXININtNtCsaogGgQeyHx_17tensor4all_treetn6treetn11tensor_like0ppEINtB9_6TreeTNppENtNtCsbrO2ourfQV3_15tensor4all_core12tensor_index11TensorIndex10replaceinds3_0Bb_
FNDA:0,_RNCNvXININtNtCsaogGgQeyHx_17tensor4all_treetn6treetn11tensor_like0ppEINtB9_6TreeTNppENtNtCsbrO2ourfQV3_15tensor4all_core12tensor_index11TensorIndex10replaceinds_0Bb_
FNDA:0,_RNCNvXININtNtCsaogGgQeyHx_17tensor4all_treetn6treetn11tensor_like0ppEINtB9_6TreeTNppENtNtCsbrO2ourfQV3_15tensor4all_core12tensor_index11TensorIndex20num_external_indices0Bb_
FNDA:0,_RNCNvXININtNtCsaogGgQeyHx_17tensor4all_treetn6treetn11tensor_like0ppEINtB9_6TreeTNppENtNtCsbrO2ourfQV3_15tensor4all_core12tensor_index11TensorIndex20num_external_indicess_0Bb_
FNDA:0,_RNvXININtNtCsaogGgQeyHx_17tensor4all_treetn6treetn11tensor_like0ppEINtB7_6TreeTNppENtNtCsbrO2ourfQV3_15tensor4all_core12tensor_index11TensorIndex10replaceindB9_
FNDA:0,_RNvXININtNtCsaogGgQeyHx_17tensor4all_treetn6treetn11tensor_like0ppEINtB7_6TreeTNppENtNtCsbrO2ourfQV3_15tensor4all_core12tensor_index11TensorIndex11replaceindsB9_
FNDA:0,_RNvXININtNtCsaogGgQeyHx_17tensor4all_treetn6treetn11tensor_like0ppEINtB7_6TreeTNppENtNtCsbrO2ourfQV3_15tensor4all_core12tensor_index11TensorIndex16external_indicesB9_
FNDA:0,_RNvXININtNtCsaogGgQeyHx_17tensor4all_treetn6treetn11tensor_like0ppEINtB7_6TreeTNppENtNtCsbrO2ourfQV3_15tensor4all_core12tensor_index11TensorIndex20num_external_indicesB9_
FNF:12
FNH:0
DA:48,0
DA:49,0
DA:50,0
DA:51,0
DA:52,0
DA:53,0
DA:55,0
DA:56,0
DA:58,0
DA:59,0
DA:60,0
DA:61,0
DA:62,0
DA:63,0
DA:64,0
DA:74,0
DA:75,0
DA:78,0
DA:79,0
DA:80,0
DA:81,0
DA:84,0
DA:85,0
DA:86,0
DA:87,0
DA:88,0
DA:90,0
DA:91,0
DA:94,0
DA:95,0
DA:96,0
DA:97,0
DA:98,0
DA:99,0
DA:102,0
DA:103,0
DA:104,0
DA:105,0
DA:106,0
DA:107,0
DA:111,0
DA:112,0
DA:113,0
DA:116,0
DA:117,0
DA:118,0
DA:119,0
DA:121,0
DA:122,0
DA:124,0
DA:125,0
DA:126,0
DA:127,0
DA:128,0
DA:131,0
DA:132,0
DA:133,0
DA:134,0
DA:135,0
DA:136,0
DA:137,0
DA:138,0
DA:139,0
DA:140,0
DA:141,0
DA:142,0
DA:144,0
DA:145,0
DA:146,0
DA:148,0
DA:149,0
BRF:0
BRH:0
LF:79
LH:0
end_of_record
SF:/Users/ken/git_for_collab4/tensor4all-rs/crates/tensor4all-treetn/src/treetn/transform.rs
FN:396,_RINvMNtNtCsaogGgQeyHx_17tensor4all_treetn6treetn9transformINtB5_6TreeTNppE24split_tensor_for_targetspEB7_
FN:59,_RINvMNtNtCsaogGgQeyHx_17tensor4all_treetn6treetn9transformINtB5_6TreeTNppE7fuse_topEB7_
FN:286,_RINvMNtNtCsaogGgQeyHx_17tensor4all_treetn6treetn9transformINtB5_6TreeTNppE8split_topEB7_
FN:425,_RNCINvMNtNtCsaogGgQeyHx_17tensor4all_treetn6treetn9transformINtB7_6TreeTNppE24split_tensor_for_targetspE0B9_
FN:459,_RNCINvMNtNtCsaogGgQeyHx_17tensor4all_treetn6treetn9transformINtB7_6TreeTNppE24split_tensor_for_targetspEs0_0B9_
FN:441,_RNCINvMNtNtCsaogGgQeyHx_17tensor4all_treetn6treetn9transformINtB7_6TreeTNppE24split_tensor_for_targetspEs_0B9_
FN:81,_RNCINvMNtNtCsaogGgQeyHx_17tensor4all_treetn6treetn9transformINtB7_6TreeTNppE7fuse_topE0B9_
FN:151,_RNCINvMNtNtCsaogGgQeyHx_17tensor4all_treetn6treetn9transformINtB7_6TreeTNppE7fuse_topEs0_0B9_
FN:135,_RNCINvMNtNtCsaogGgQeyHx_17tensor4all_treetn6treetn9transformINtB7_6TreeTNppE7fuse_topEs_0B9_
FN:333,_RNCINvMNtNtCsaogGgQeyHx_17tensor4all_treetn6treetn9transformINtB7_6TreeTNppE8split_topE0B9_
FN:338,_RNCINvMNtNtCsaogGgQeyHx_17tensor4all_treetn6treetn9transformINtB7_6TreeTNppE8split_topEs0_0B9_
FN:350,_RNCINvMNtNtCsaogGgQeyHx_17tensor4all_treetn6treetn9transformINtB7_6TreeTNppE8split_topEs1_0B9_
FN:359,_RNCINvMNtNtCsaogGgQeyHx_17tensor4all_treetn6treetn9transformINtB7_6TreeTNppE8split_topEs2_0B9_
FN:363,_RNCINvMNtNtCsaogGgQeyHx_17tensor4all_treetn6treetn9transformINtB7_6TreeTNppE8split_topEs3_0B9_
FN:373,_RNCINvMNtNtCsaogGgQeyHx_17tensor4all_treetn6treetn9transformINtB7_6TreeTNppE8split_topEs5_0B9_
FN:336,_RNCINvMNtNtCsaogGgQeyHx_17tensor4all_treetn6treetn9transformINtB7_6TreeTNppE8split_topEs_0B9_
FN:223,_RNCNCNvMNtNtCsaogGgQeyHx_17tensor4all_treetn6treetn9transformINtB8_6TreeTNppE19contract_node_groups1_00Ba_
FN:176,_RNCNvMNtNtCsaogGgQeyHx_17tensor4all_treetn6treetn9transformINtB6_6TreeTNppE19contract_node_group0B8_
FN:216,_RNCNvMNtNtCsaogGgQeyHx_17tensor4all_treetn6treetn9transformINtB6_6TreeTNppE19contract_node_groups0_0B8_
FN:223,_RNCNvMNtNtCsaogGgQeyHx_17tensor4all_treetn6treetn9transformINtB6_6TreeTNppE19contract_node_groups1_0B8_
FN:230,_RNCNvMNtNtCsaogGgQeyHx_17tensor4all_treetn6treetn9transformINtB6_6TreeTNppE19contract_node_groups2_0B8_
FN:233,_RNCNvMNtNtCsaogGgQeyHx_17tensor4all_treetn6treetn9transformINtB6_6TreeTNppE19contract_node_groups3_0B8_
FN:238,_RNCNvMNtNtCsaogGgQeyHx_17tensor4all_treetn6treetn9transformINtB6_6TreeTNppE19contract_node_groups4_0B8_
FN:246,_RNCNvMNtNtCsaogGgQeyHx_17tensor4all_treetn6treetn9transformINtB6_6TreeTNppE19contract_node_groups5_0B8_
FN:194,_RNCNvMNtNtCsaogGgQeyHx_17tensor4all_treetn6treetn9transformINtB6_6TreeTNppE19contract_node_groups_0B8_
FN:165,_RNvMNtNtCsaogGgQeyHx_17tensor4all_treetn6treetn9transformINtB4_6TreeTNppE19contract_node_groupB6_
FNDA:0,_RINvMNtNtCsaogGgQeyHx_17tensor4all_treetn6treetn9transformINtB5_6TreeTNppE24split_tensor_for_targetspEB7_
FNDA:0,_RINvMNtNtCsaogGgQeyHx_17tensor4all_treetn6treetn9transformINtB5_6TreeTNppE7fuse_topEB7_
FNDA:0,_RINvMNtNtCsaogGgQeyHx_17tensor4all_treetn6treetn9transformINtB5_6TreeTNppE8split_topEB7_
FNDA:0,_RNCINvMNtNtCsaogGgQeyHx_17tensor4all_treetn6treetn9transformINtB7_6TreeTNppE24split_tensor_for_targetspE0B9_
FNDA:0,_RNCINvMNtNtCsaogGgQeyHx_17tensor4all_treetn6treetn9transformINtB7_6TreeTNppE24split_tensor_for_targetspEs0_0B9_
FNDA:0,_RNCINvMNtNtCsaogGgQeyHx_17tensor4all_treetn6treetn9transformINtB7_6TreeTNppE24split_tensor_for_targetspEs_0B9_
FNDA:0,_RNCINvMNtNtCsaogGgQeyHx_17tensor4all_treetn6treetn9transformINtB7_6TreeTNppE7fuse_topE0B9_
FNDA:0,_RNCINvMNtNtCsaogGgQeyHx_17tensor4all_treetn6treetn9transformINtB7_6TreeTNppE7fuse_topEs0_0B9_
FNDA:0,_RNCINvMNtNtCsaogGgQeyHx_17tensor4all_treetn6treetn9transformINtB7_6TreeTNppE7fuse_topEs_0B9_
FNDA:0,_RNCINvMNtNtCsaogGgQeyHx_17tensor4all_treetn6treetn9transformINtB7_6TreeTNppE8split_topE0B9_
FNDA:0,_RNCINvMNtNtCsaogGgQeyHx_17tensor4all_treetn6treetn9transformINtB7_6TreeTNppE8split_topEs0_0B9_
FNDA:0,_RNCINvMNtNtCsaogGgQeyHx_17tensor4all_treetn6treetn9transformINtB7_6TreeTNppE8split_topEs1_0B9_
FNDA:0,_RNCINvMNtNtCsaogGgQeyHx_17tensor4all_treetn6treetn9transformINtB7_6TreeTNppE8split_topEs2_0B9_
FNDA:0,_RNCINvMNtNtCsaogGgQeyHx_17tensor4all_treetn6treetn9transformINtB7_6TreeTNppE8split_topEs3_0B9_
FNDA:0,_RNCINvMNtNtCsaogGgQeyHx_17tensor4all_treetn6treetn9transformINtB7_6TreeTNppE8split_topEs5_0B9_
FNDA:0,_RNCINvMNtNtCsaogGgQeyHx_17tensor4all_treetn6treetn9transformINtB7_6TreeTNppE8split_topEs_0B9_
FNDA:0,_RNCNCNvMNtNtCsaogGgQeyHx_17tensor4all_treetn6treetn9transformINtB8_6TreeTNppE19contract_node_groups1_00Ba_
FNDA:0,_RNCNvMNtNtCsaogGgQeyHx_17tensor4all_treetn6treetn9transformINtB6_6TreeTNppE19contract_node_group0B8_
FNDA:0,_RNCNvMNtNtCsaogGgQeyHx_17tensor4all_treetn6treetn9transformINtB6_6TreeTNppE19contract_node_groups0_0B8_
FNDA:0,_RNCNvMNtNtCsaogGgQeyHx_17tensor4all_treetn6treetn9transformINtB6_6TreeTNppE19contract_node_groups1_0B8_
FNDA:0,_RNCNvMNtNtCsaogGgQeyHx_17tensor4all_treetn6treetn9transformINtB6_6TreeTNppE19contract_node_groups2_0B8_
FNDA:0,_RNCNvMNtNtCsaogGgQeyHx_17tensor4all_treetn6treetn9transformINtB6_6TreeTNppE19contract_node_groups3_0B8_
FNDA:0,_RNCNvMNtNtCsaogGgQeyHx_17tensor4all_treetn6treetn9transformINtB6_6TreeTNppE19contract_node_groups4_0B8_
FNDA:0,_RNCNvMNtNtCsaogGgQeyHx_17tensor4all_treetn6treetn9transformINtB6_6TreeTNppE19contract_node_groups5_0B8_
FNDA:0,_RNCNvMNtNtCsaogGgQeyHx_17tensor4all_treetn6treetn9transformINtB6_6TreeTNppE19contract_node_groups_0B8_
FNDA:0,_RNvMNtNtCsaogGgQeyHx_17tensor4all_treetn6treetn9transformINtB4_6TreeTNppE19contract_node_groupB6_
FNF:26
FNH:0
DA:59,0
DA:60,0
DA:61,0
DA:62,0
DA:63,0
DA:64,0
DA:67,0
DA:68,0
DA:69,0
DA:70,0
DA:71,0
DA:72,0
DA:73,0
DA:78,0
DA:80,0
DA:81,0
DA:82,0
DA:83,0
DA:85,0
DA:86,0
DA:87,0
DA:88,0
DA:89,0
DA:92,0
DA:93,0
DA:94,0
DA:95,0
DA:96,0
DA:97,0
DA:98,0
DA:100,0
DA:104,0
DA:105,0
DA:106,0
DA:107,0
DA:108,0
DA:109,0
DA:110,0
DA:111,0
DA:112,0
DA:113,0
DA:114,0
DA:115,0
DA:116,0
DA:121,0
DA:122,0
DA:123,0
DA:124,0
DA:125,0
DA:126,0
DA:127,0
DA:128,0
DA:132,0
DA:134,0
DA:135,0
DA:136,0
DA:137,0
DA:140,0
DA:141,0
DA:146,0
DA:147,0
DA:149,0
DA:150,0
DA:151,0
DA:152,0
DA:154,0
DA:155,0
DA:157,0
DA:158,0
DA:165,0
DA:166,0
DA:167,0
DA:169,0
DA:170,0
DA:171,0
DA:174,0
DA:175,0
DA:176,0
DA:177,0
DA:179,0
DA:180,0
DA:181,0
DA:182,0
DA:183,0
DA:184,0
DA:185,0
DA:188,0
DA:189,0
DA:190,0
DA:191,0
DA:192,0
DA:193,0
DA:194,0
DA:195,0
DA:198,0
DA:199,0
DA:200,0
DA:201,0
DA:202,0
DA:205,0
DA:206,0
DA:209,0
DA:210,0
DA:211,0
DA:214,0
DA:215,0
DA:216,0
DA:217,0
DA:218,0
DA:221,0
DA:222,0
DA:223,0
DA:224,0
DA:227,0
DA:228,0
DA:229,0
DA:230,0
DA:231,0
DA:232,0
DA:233,0
DA:237,0
DA:238,0
DA:240,0
DA:244,0
DA:245,0
DA:246,0
DA:247,0
DA:286,0
DA:287,0
DA:288,0
DA:289,0
DA:290,0
DA:291,0
DA:292,0
DA:295,0
DA:296,0
DA:297,0
DA:298,0
DA:299,0
DA:300,0
DA:301,0
DA:306,0
DA:307,0
DA:308,0
DA:309,0
DA:310,0
DA:311,0
DA:312,0
DA:313,0
DA:314,0
DA:315,0
DA:316,0
DA:317,0
DA:318,0
DA:319,0
DA:322,0
DA:323,0
DA:328,0
DA:330,0
DA:331,0
DA:332,0
DA:333,0
DA:334,0
DA:335,0
DA:336,0
DA:338,0
DA:339,0
DA:340,0
DA:342,0
DA:343,0
DA:344,0
DA:345,0
DA:346,0
DA:348,0
DA:349,0
DA:350,0
DA:351,0
DA:352,0
DA:353,0
DA:359,0
DA:361,0
DA:362,0
DA:363,0
DA:364,0
DA:365,0
DA:367,0
DA:368,0
DA:371,0
DA:373,0
DA:374,0
DA:375,0
DA:377,0
DA:378,0
DA:379,0
DA:380,0
DA:382,0
DA:383,0
DA:384,0
DA:385,0
DA:387,0
DA:388,0
DA:396,0
DA:397,0
DA:398,0
DA:399,0
DA:400,0
DA:401,0
DA:402,0
DA:405,0
DA:406,0
DA:407,0
DA:408,0
DA:409,0
DA:410,0
DA:411,0
DA:412,0
DA:417,0
DA:418,0
DA:420,0
DA:422,0
DA:423,0
DA:424,0
DA:425,0
DA:426,0
DA:427,0
DA:430,0
DA:431,0
DA:434,0
DA:435,0
DA:438,0
DA:439,0
DA:440,0
DA:441,0
DA:442,0
DA:443,0
DA:445,0
DA:446,0
DA:447,0
DA:450,0
DA:451,0
DA:452,0
DA:453,0
DA:454,0
DA:455,0
DA:457,0
DA:458,0
DA:459,0
DA:462,0
DA:465,0
DA:469,0
DA:470,0
DA:472,0
DA:473,0
BRF:0
BRH:0
LF:280
LH:0
end_of_record
SF:/Users/ken/git_for_collab4/tensor4all-rs/crates/tensor4all-treetn/src/treetn/truncate.rs
FN:79,_RINvMNtNtCsaogGgQeyHx_17tensor4all_treetn6treetn8truncateINtB5_6TreeTNNtNtNtCsbrO2ourfQV3_15tensor4all_core8defaults12tensordynlen12TensorDynLenjE12truncate_mutAjj1_ECsaRfSWFUMrL5_22tensor4all_itensorlike
FN:100,_RINvMNtNtCsaogGgQeyHx_17tensor4all_treetn6treetn8truncateINtB5_6TreeTNNtNtNtCsbrO2ourfQV3_15tensor4all_core8defaults12tensordynlen12TensorDynLenjE13truncate_implAjj1_ECsaRfSWFUMrL5_22tensor4all_itensorlike
FN:140,_RNCINvMNtNtCsaogGgQeyHx_17tensor4all_treetn6treetn8truncateINtB7_6TreeTNNtNtNtCsbrO2ourfQV3_15tensor4all_core8defaults12tensordynlen12TensorDynLenjE13truncate_implAjj1_E0CsaRfSWFUMrL5_22tensor4all_itensorlike
FN:79,_RINvMNtNtCsaogGgQeyHx_17tensor4all_treetn6treetn8truncateINtB5_6TreeTNppE12truncate_mutpEB7_
FN:100,_RINvMNtNtCsaogGgQeyHx_17tensor4all_treetn6treetn8truncateINtB5_6TreeTNppE13truncate_implpEB7_
FN:57,_RINvMNtNtCsaogGgQeyHx_17tensor4all_treetn6treetn8truncateINtB5_6TreeTNppE8truncatepEB7_
FN:140,_RNCINvMNtNtCsaogGgQeyHx_17tensor4all_treetn6treetn8truncateINtB7_6TreeTNppE13truncate_implpE0B9_
FN:140,_RNCINvMNtNtCsaogGgQeyHx_17tensor4all_treetn6treetn8truncateINtB7_6TreeTNNtNtNtCsbrO2ourfQV3_15tensor4all_core8defaults12tensordynlen12TensorDynLenjE13truncate_implAjj1_E0Csk8nCQTNnVi9_22tensor4all_itensorlike
FN:79,_RINvMNtNtCsaogGgQeyHx_17tensor4all_treetn6treetn8truncateINtB5_6TreeTNNtNtNtCsbrO2ourfQV3_15tensor4all_core8defaults12tensordynlen12TensorDynLenjE12truncate_mutAjj1_ECsk8nCQTNnVi9_22tensor4all_itensorlike
FN:100,_RINvMNtNtCsaogGgQeyHx_17tensor4all_treetn6treetn8truncateINtB5_6TreeTNNtNtNtCsbrO2ourfQV3_15tensor4all_core8defaults12tensordynlen12TensorDynLenjE13truncate_implAjj1_ECsk8nCQTNnVi9_22tensor4all_itensorlike
FNDA:0,_RINvMNtNtCsaogGgQeyHx_17tensor4all_treetn6treetn8truncateINtB5_6TreeTNNtNtNtCsbrO2ourfQV3_15tensor4all_core8defaults12tensordynlen12TensorDynLenjE12truncate_mutAjj1_ECsaRfSWFUMrL5_22tensor4all_itensorlike
FNDA:0,_RINvMNtNtCsaogGgQeyHx_17tensor4all_treetn6treetn8truncateINtB5_6TreeTNNtNtNtCsbrO2ourfQV3_15tensor4all_core8defaults12tensordynlen12TensorDynLenjE13truncate_implAjj1_ECsaRfSWFUMrL5_22tensor4all_itensorlike
FNDA:0,_RNCINvMNtNtCsaogGgQeyHx_17tensor4all_treetn6treetn8truncateINtB7_6TreeTNNtNtNtCsbrO2ourfQV3_15tensor4all_core8defaults12tensordynlen12TensorDynLenjE13truncate_implAjj1_E0CsaRfSWFUMrL5_22tensor4all_itensorlike
FNDA:0,_RINvMNtNtCsaogGgQeyHx_17tensor4all_treetn6treetn8truncateINtB5_6TreeTNppE12truncate_mutpEB7_
FNDA:0,_RINvMNtNtCsaogGgQeyHx_17tensor4all_treetn6treetn8truncateINtB5_6TreeTNppE13truncate_implpEB7_
FNDA:0,_RINvMNtNtCsaogGgQeyHx_17tensor4all_treetn6treetn8truncateINtB5_6TreeTNppE8truncatepEB7_
FNDA:0,_RNCINvMNtNtCsaogGgQeyHx_17tensor4all_treetn6treetn8truncateINtB7_6TreeTNppE13truncate_implpE0B9_
FNDA:0,_RNCINvMNtNtCsaogGgQeyHx_17tensor4all_treetn6treetn8truncateINtB7_6TreeTNNtNtNtCsbrO2ourfQV3_15tensor4all_core8defaults12tensordynlen12TensorDynLenjE13truncate_implAjj1_E0Csk8nCQTNnVi9_22tensor4all_itensorlike
FNDA:1,_RINvMNtNtCsaogGgQeyHx_17tensor4all_treetn6treetn8truncateINtB5_6TreeTNNtNtNtCsbrO2ourfQV3_15tensor4all_core8defaults12tensordynlen12TensorDynLenjE12truncate_mutAjj1_ECsk8nCQTNnVi9_22tensor4all_itensorlike
FNDA:1,_RINvMNtNtCsaogGgQeyHx_17tensor4all_treetn6treetn8truncateINtB5_6TreeTNNtNtNtCsbrO2ourfQV3_15tensor4all_core8defaults12tensordynlen12TensorDynLenjE13truncate_implAjj1_ECsk8nCQTNnVi9_22tensor4all_itensorlike
FNF:4
FNH:2
DA:57,0
DA:58,0
DA:59,0
DA:60,0
DA:61,0
DA:62,0
DA:63,0
DA:64,0
DA:66,0
DA:67,0
DA:68,0
DA:69,0
DA:70,0
DA:71,0
DA:72,0
DA:73,0
DA:74,0
DA:79,1
DA:80,1
DA:81,1
DA:82,1
DA:83,1
DA:84,1
DA:85,1
DA:86,1
DA:88,1
DA:89,1
DA:90,1
DA:91,1
DA:92,1
DA:93,1
DA:95,1
DA:100,1
DA:101,1
DA:102,1
DA:103,1
DA:104,1
DA:105,1
DA:106,1
DA:107,1
DA:108,1
DA:109,1
DA:110,1
DA:113,1
DA:115,1
DA:116,0
DA:117,1
DA:120,1
DA:121,0
DA:122,0
DA:123,0
DA:124,0
DA:125,0
DA:126,1
DA:128,1
DA:131,1
DA:132,1
DA:133,1
DA:134,1
DA:135,1
DA:136,0
DA:139,1
DA:140,1
DA:141,0
DA:142,0
DA:143,1
DA:146,1
DA:147,0
DA:148,1
DA:151,1
DA:152,1
DA:153,1
DA:156,1
DA:158,1
DA:159,1
BRF:0
BRH:0
LF:76
LH:48
end_of_record